{"C:\\Users\\DanXa\\CSprojects\\color-picker\\src\\components\\Pin\\Pin.tsx": {"path":"C:\\Users\\DanXa\\CSprojects\\color-picker\\src\\components\\Pin\\Pin.tsx","all":false,"statementMap":{"0":{"start":{"line":1,"column":0},"end":{"line":1,"column":0}},"1":{"start":{"line":2,"column":0},"end":{"line":2,"column":59}},"2":{"start":{"line":3,"column":0},"end":{"line":3,"column":49}},"3":{"start":{"line":4,"column":0},"end":{"line":4,"column":61}},"4":{"start":{"line":5,"column":0},"end":{"line":5,"column":53}},"5":{"start":{"line":6,"column":0},"end":{"line":6,"column":20}},"6":{"start":{"line":7,"column":0},"end":{"line":7,"column":48}},"7":{"start":{"line":8,"column":0},"end":{"line":8,"column":0}},"8":{"start":{"line":9,"column":0},"end":{"line":9,"column":17}},"9":{"start":{"line":10,"column":0},"end":{"line":10,"column":79}},"10":{"start":{"line":11,"column":0},"end":{"line":11,"column":83}},"11":{"start":{"line":12,"column":0},"end":{"line":12,"column":66}},"12":{"start":{"line":13,"column":0},"end":{"line":13,"column":18}},"13":{"start":{"line":14,"column":0},"end":{"line":14,"column":23}},"14":{"start":{"line":15,"column":0},"end":{"line":15,"column":43}},"15":{"start":{"line":16,"column":0},"end":{"line":16,"column":22}},"16":{"start":{"line":17,"column":0},"end":{"line":17,"column":21}},"17":{"start":{"line":18,"column":0},"end":{"line":18,"column":1}},"18":{"start":{"line":19,"column":0},"end":{"line":19,"column":0}},"19":{"start":{"line":20,"column":0},"end":{"line":20,"column":99}},"20":{"start":{"line":21,"column":0},"end":{"line":21,"column":43}},"21":{"start":{"line":22,"column":0},"end":{"line":22,"column":56}},"22":{"start":{"line":23,"column":0},"end":{"line":23,"column":0}},"23":{"start":{"line":24,"column":0},"end":{"line":24,"column":65}},"24":{"start":{"line":25,"column":0},"end":{"line":25,"column":75}},"25":{"start":{"line":26,"column":0},"end":{"line":26,"column":0}},"26":{"start":{"line":27,"column":0},"end":{"line":27,"column":82}},"27":{"start":{"line":28,"column":0},"end":{"line":28,"column":69}},"28":{"start":{"line":29,"column":0},"end":{"line":29,"column":60}},"29":{"start":{"line":30,"column":0},"end":{"line":30,"column":0}},"30":{"start":{"line":31,"column":0},"end":{"line":31,"column":62}},"31":{"start":{"line":32,"column":0},"end":{"line":32,"column":47}},"32":{"start":{"line":33,"column":0},"end":{"line":33,"column":4}},"33":{"start":{"line":34,"column":0},"end":{"line":34,"column":85}},"34":{"start":{"line":35,"column":0},"end":{"line":35,"column":13}},"35":{"start":{"line":36,"column":0},"end":{"line":36,"column":48}},"36":{"start":{"line":37,"column":0},"end":{"line":37,"column":21}},"37":{"start":{"line":38,"column":0},"end":{"line":38,"column":39}},"38":{"start":{"line":39,"column":0},"end":{"line":39,"column":98}},"39":{"start":{"line":40,"column":0},"end":{"line":40,"column":43}},"40":{"start":{"line":41,"column":0},"end":{"line":41,"column":13}},"41":{"start":{"line":42,"column":0},"end":{"line":42,"column":29}},"42":{"start":{"line":43,"column":0},"end":{"line":43,"column":9}},"43":{"start":{"line":44,"column":0},"end":{"line":44,"column":6}},"44":{"start":{"line":45,"column":0},"end":{"line":45,"column":0}},"45":{"start":{"line":46,"column":0},"end":{"line":46,"column":91}},"46":{"start":{"line":47,"column":0},"end":{"line":47,"column":77}},"47":{"start":{"line":48,"column":0},"end":{"line":48,"column":61}},"48":{"start":{"line":49,"column":0},"end":{"line":49,"column":65}},"49":{"start":{"line":50,"column":0},"end":{"line":50,"column":6}},"50":{"start":{"line":51,"column":0},"end":{"line":51,"column":0}},"51":{"start":{"line":52,"column":0},"end":{"line":52,"column":29}},"52":{"start":{"line":53,"column":0},"end":{"line":53,"column":30}},"53":{"start":{"line":54,"column":0},"end":{"line":54,"column":82}},"54":{"start":{"line":55,"column":0},"end":{"line":55,"column":0}},"55":{"start":{"line":56,"column":0},"end":{"line":56,"column":83}},"56":{"start":{"line":57,"column":0},"end":{"line":57,"column":39}},"57":{"start":{"line":58,"column":0},"end":{"line":58,"column":72}},"58":{"start":{"line":59,"column":0},"end":{"line":59,"column":69}},"59":{"start":{"line":60,"column":0},"end":{"line":60,"column":61}},"60":{"start":{"line":61,"column":0},"end":{"line":61,"column":49}},"61":{"start":{"line":62,"column":0},"end":{"line":62,"column":34}},"62":{"start":{"line":63,"column":0},"end":{"line":63,"column":44}},"63":{"start":{"line":64,"column":0},"end":{"line":64,"column":45}},"64":{"start":{"line":65,"column":0},"end":{"line":65,"column":40}},"65":{"start":{"line":66,"column":0},"end":{"line":66,"column":40}},"66":{"start":{"line":67,"column":0},"end":{"line":67,"column":31}},"67":{"start":{"line":68,"column":0},"end":{"line":68,"column":49}},"68":{"start":{"line":69,"column":0},"end":{"line":69,"column":49}},"69":{"start":{"line":70,"column":0},"end":{"line":70,"column":76}},"70":{"start":{"line":71,"column":0},"end":{"line":71,"column":79}},"71":{"start":{"line":72,"column":0},"end":{"line":72,"column":16}},"72":{"start":{"line":73,"column":0},"end":{"line":73,"column":33}},"73":{"start":{"line":74,"column":0},"end":{"line":74,"column":34}},"74":{"start":{"line":75,"column":0},"end":{"line":75,"column":65}},"75":{"start":{"line":76,"column":0},"end":{"line":76,"column":69}},"76":{"start":{"line":77,"column":0},"end":{"line":77,"column":48}},"77":{"start":{"line":78,"column":0},"end":{"line":78,"column":42}},"78":{"start":{"line":79,"column":0},"end":{"line":79,"column":39}},"79":{"start":{"line":80,"column":0},"end":{"line":80,"column":31}},"80":{"start":{"line":81,"column":0},"end":{"line":81,"column":33}},"81":{"start":{"line":82,"column":0},"end":{"line":82,"column":105}},"82":{"start":{"line":83,"column":0},"end":{"line":83,"column":10}},"83":{"start":{"line":84,"column":0},"end":{"line":84,"column":6}},"84":{"start":{"line":85,"column":0},"end":{"line":85,"column":0}},"85":{"start":{"line":86,"column":0},"end":{"line":86,"column":21}},"86":{"start":{"line":87,"column":0},"end":{"line":87,"column":76}},"87":{"start":{"line":88,"column":0},"end":{"line":88,"column":19}},"88":{"start":{"line":89,"column":0},"end":{"line":89,"column":9}},"89":{"start":{"line":90,"column":0},"end":{"line":90,"column":69}},"90":{"start":{"line":91,"column":0},"end":{"line":91,"column":0}},"91":{"start":{"line":92,"column":0},"end":{"line":92,"column":19}},"92":{"start":{"line":93,"column":0},"end":{"line":93,"column":53}},"93":{"start":{"line":94,"column":0},"end":{"line":94,"column":32}},"94":{"start":{"line":95,"column":0},"end":{"line":95,"column":9}},"95":{"start":{"line":96,"column":0},"end":{"line":96,"column":38}},"96":{"start":{"line":97,"column":0},"end":{"line":97,"column":0}},"97":{"start":{"line":98,"column":0},"end":{"line":98,"column":66}},"98":{"start":{"line":99,"column":0},"end":{"line":99,"column":22}},"99":{"start":{"line":100,"column":0},"end":{"line":100,"column":10}},"100":{"start":{"line":101,"column":0},"end":{"line":101,"column":71}},"101":{"start":{"line":102,"column":0},"end":{"line":102,"column":0}},"102":{"start":{"line":103,"column":0},"end":{"line":103,"column":0}},"103":{"start":{"line":104,"column":0},"end":{"line":104,"column":41}},"104":{"start":{"line":105,"column":0},"end":{"line":105,"column":57}},"105":{"start":{"line":106,"column":0},"end":{"line":106,"column":28}},"106":{"start":{"line":107,"column":0},"end":{"line":107,"column":18}},"107":{"start":{"line":108,"column":0},"end":{"line":108,"column":5}},"108":{"start":{"line":109,"column":0},"end":{"line":109,"column":0}},"109":{"start":{"line":110,"column":0},"end":{"line":110,"column":61}},"110":{"start":{"line":111,"column":0},"end":{"line":111,"column":55}},"111":{"start":{"line":112,"column":0},"end":{"line":112,"column":36}},"112":{"start":{"line":113,"column":0},"end":{"line":113,"column":0}},"113":{"start":{"line":114,"column":0},"end":{"line":114,"column":78}},"114":{"start":{"line":115,"column":0},"end":{"line":115,"column":93}},"115":{"start":{"line":116,"column":0},"end":{"line":116,"column":16}},"116":{"start":{"line":117,"column":0},"end":{"line":117,"column":44}},"117":{"start":{"line":118,"column":0},"end":{"line":118,"column":88}},"118":{"start":{"line":119,"column":0},"end":{"line":119,"column":8}},"119":{"start":{"line":120,"column":0},"end":{"line":120,"column":38}},"120":{"start":{"line":121,"column":0},"end":{"line":121,"column":74}},"121":{"start":{"line":122,"column":0},"end":{"line":122,"column":0}},"122":{"start":{"line":123,"column":0},"end":{"line":123,"column":48}},"123":{"start":{"line":124,"column":0},"end":{"line":124,"column":42}},"124":{"start":{"line":125,"column":0},"end":{"line":125,"column":23}},"125":{"start":{"line":126,"column":0},"end":{"line":126,"column":32}},"126":{"start":{"line":127,"column":0},"end":{"line":127,"column":50}},"127":{"start":{"line":128,"column":0},"end":{"line":128,"column":13}},"128":{"start":{"line":129,"column":0},"end":{"line":129,"column":0}},"129":{"start":{"line":130,"column":0},"end":{"line":130,"column":34}},"130":{"start":{"line":131,"column":0},"end":{"line":131,"column":9}},"131":{"start":{"line":132,"column":0},"end":{"line":132,"column":14}},"132":{"start":{"line":133,"column":0},"end":{"line":133,"column":42}},"133":{"start":{"line":134,"column":0},"end":{"line":134,"column":23}},"134":{"start":{"line":135,"column":0},"end":{"line":135,"column":50}},"135":{"start":{"line":136,"column":0},"end":{"line":136,"column":13}},"136":{"start":{"line":137,"column":0},"end":{"line":137,"column":0}},"137":{"start":{"line":138,"column":0},"end":{"line":138,"column":34}},"138":{"start":{"line":139,"column":0},"end":{"line":139,"column":9}},"139":{"start":{"line":140,"column":0},"end":{"line":140,"column":6}},"140":{"start":{"line":141,"column":0},"end":{"line":141,"column":0}},"141":{"start":{"line":142,"column":0},"end":{"line":142,"column":40}},"142":{"start":{"line":143,"column":0},"end":{"line":143,"column":32}},"143":{"start":{"line":144,"column":0},"end":{"line":144,"column":29}},"144":{"start":{"line":145,"column":0},"end":{"line":145,"column":17}},"145":{"start":{"line":146,"column":0},"end":{"line":146,"column":6}},"146":{"start":{"line":147,"column":0},"end":{"line":147,"column":0}},"147":{"start":{"line":148,"column":0},"end":{"line":148,"column":38}},"148":{"start":{"line":149,"column":0},"end":{"line":149,"column":0}},"149":{"start":{"line":150,"column":0},"end":{"line":150,"column":51}},"150":{"start":{"line":151,"column":0},"end":{"line":151,"column":21}},"151":{"start":{"line":152,"column":0},"end":{"line":152,"column":16}},"152":{"start":{"line":153,"column":0},"end":{"line":153,"column":16}},"153":{"start":{"line":154,"column":0},"end":{"line":154,"column":31}},"154":{"start":{"line":155,"column":0},"end":{"line":155,"column":51}},"155":{"start":{"line":156,"column":0},"end":{"line":156,"column":29}},"156":{"start":{"line":157,"column":0},"end":{"line":157,"column":24}},"157":{"start":{"line":158,"column":0},"end":{"line":158,"column":86}},"158":{"start":{"line":159,"column":0},"end":{"line":159,"column":82}},"159":{"start":{"line":160,"column":0},"end":{"line":160,"column":88}},"160":{"start":{"line":161,"column":0},"end":{"line":161,"column":41}},"161":{"start":{"line":162,"column":0},"end":{"line":162,"column":14}},"162":{"start":{"line":163,"column":0},"end":{"line":163,"column":10}},"163":{"start":{"line":164,"column":0},"end":{"line":164,"column":5}},"164":{"start":{"line":165,"column":0},"end":{"line":165,"column":0}},"165":{"start":{"line":166,"column":0},"end":{"line":166,"column":53}},"166":{"start":{"line":167,"column":0},"end":{"line":167,"column":12}},"167":{"start":{"line":168,"column":0},"end":{"line":168,"column":18}},"168":{"start":{"line":169,"column":0},"end":{"line":169,"column":24}},"169":{"start":{"line":170,"column":0},"end":{"line":170,"column":23}},"170":{"start":{"line":171,"column":0},"end":{"line":171,"column":29}},"171":{"start":{"line":172,"column":0},"end":{"line":172,"column":32}},"172":{"start":{"line":173,"column":0},"end":{"line":173,"column":47}},"173":{"start":{"line":174,"column":0},"end":{"line":174,"column":38}},"174":{"start":{"line":175,"column":0},"end":{"line":175,"column":92}},"175":{"start":{"line":176,"column":0},"end":{"line":176,"column":75}},"176":{"start":{"line":177,"column":0},"end":{"line":177,"column":29}},"177":{"start":{"line":178,"column":0},"end":{"line":178,"column":37}},"178":{"start":{"line":179,"column":0},"end":{"line":179,"column":31}},"179":{"start":{"line":180,"column":0},"end":{"line":180,"column":35}},"180":{"start":{"line":181,"column":0},"end":{"line":181,"column":9}},"181":{"start":{"line":182,"column":0},"end":{"line":182,"column":20}},"182":{"start":{"line":183,"column":0},"end":{"line":183,"column":67}},"183":{"start":{"line":184,"column":0},"end":{"line":184,"column":48}},"184":{"start":{"line":185,"column":0},"end":{"line":185,"column":29}},"185":{"start":{"line":186,"column":0},"end":{"line":186,"column":24}},"186":{"start":{"line":187,"column":0},"end":{"line":187,"column":86}},"187":{"start":{"line":188,"column":0},"end":{"line":188,"column":56}},"188":{"start":{"line":189,"column":0},"end":{"line":189,"column":88}},"189":{"start":{"line":190,"column":0},"end":{"line":190,"column":48}},"190":{"start":{"line":191,"column":0},"end":{"line":191,"column":95}},"191":{"start":{"line":192,"column":0},"end":{"line":192,"column":41}},"192":{"start":{"line":193,"column":0},"end":{"line":193,"column":18}},"193":{"start":{"line":194,"column":0},"end":{"line":194,"column":16}},"194":{"start":{"line":195,"column":0},"end":{"line":195,"column":67}},"195":{"start":{"line":196,"column":0},"end":{"line":196,"column":48}},"196":{"start":{"line":197,"column":0},"end":{"line":197,"column":29}},"197":{"start":{"line":198,"column":0},"end":{"line":198,"column":24}},"198":{"start":{"line":199,"column":0},"end":{"line":199,"column":40}},"199":{"start":{"line":200,"column":0},"end":{"line":200,"column":41}},"200":{"start":{"line":201,"column":0},"end":{"line":201,"column":103}},"201":{"start":{"line":202,"column":0},"end":{"line":202,"column":48}},"202":{"start":{"line":203,"column":0},"end":{"line":203,"column":96}},"203":{"start":{"line":204,"column":0},"end":{"line":204,"column":92}},"204":{"start":{"line":205,"column":0},"end":{"line":205,"column":41}},"205":{"start":{"line":206,"column":0},"end":{"line":206,"column":14}},"206":{"start":{"line":207,"column":0},"end":{"line":207,"column":20}},"207":{"start":{"line":208,"column":0},"end":{"line":208,"column":6}},"208":{"start":{"line":209,"column":0},"end":{"line":209,"column":2}}},"s":{"0":1,"1":1,"2":1,"3":1,"4":1,"5":1,"6":1,"7":1,"8":1,"9":1,"10":1,"11":1,"12":1,"13":1,"14":1,"15":1,"16":1,"17":1,"18":1,"19":1,"20":9,"21":9,"22":9,"23":9,"24":9,"25":9,"26":9,"27":9,"28":9,"29":9,"30":9,"31":9,"32":9,"33":9,"34":8,"35":8,"36":8,"37":0,"38":0,"39":0,"40":0,"41":0,"42":0,"43":9,"44":9,"45":9,"46":7,"47":7,"48":7,"49":9,"50":9,"51":9,"52":9,"53":9,"54":9,"55":9,"56":9,"57":9,"58":0,"59":0,"60":0,"61":0,"62":0,"63":0,"64":0,"65":0,"66":0,"67":0,"68":0,"69":0,"70":0,"71":0,"72":0,"73":0,"74":0,"75":0,"76":0,"77":0,"78":0,"79":0,"80":0,"81":0,"82":0,"83":9,"84":9,"85":9,"86":6,"87":1,"88":1,"89":5,"90":5,"91":6,"92":4,"93":4,"94":4,"95":5,"96":5,"97":5,"98":5,"99":5,"100":9,"101":9,"102":9,"103":9,"104":0,"105":0,"106":0,"107":0,"108":9,"109":9,"110":3,"111":3,"112":3,"113":3,"114":3,"115":3,"116":3,"117":3,"118":3,"119":3,"120":3,"121":3,"122":3,"123":2,"124":2,"125":2,"126":2,"127":2,"128":2,"129":2,"130":2,"131":1,"132":1,"133":1,"134":1,"135":1,"136":1,"137":1,"138":1,"139":9,"140":9,"141":9,"142":0,"143":0,"144":0,"145":9,"146":9,"147":9,"148":9,"149":9,"150":9,"151":2,"152":2,"153":2,"154":2,"155":2,"156":2,"157":2,"158":2,"159":2,"160":2,"161":2,"162":2,"163":2,"164":7,"165":7,"166":7,"167":7,"168":7,"169":7,"170":7,"171":7,"172":7,"173":7,"174":7,"175":7,"176":7,"177":7,"178":7,"179":7,"180":7,"181":7,"182":7,"183":7,"184":7,"185":7,"186":7,"187":7,"188":7,"189":7,"190":7,"191":7,"192":7,"193":7,"194":9,"195":9,"196":9,"197":9,"198":9,"199":9,"200":9,"201":9,"202":9,"203":9,"204":9,"205":9,"206":9,"207":9,"208":9},"branchMap":{"0":{"type":"branch","line":20,"loc":{"start":{"line":20,"column":39},"end":{"line":209,"column":2}},"locations":[{"start":{"line":20,"column":39},"end":{"line":209,"column":2}}]},"1":{"type":"branch","line":148,"loc":{"start":{"line":148,"column":26},"end":{"line":148,"column":38}},"locations":[{"start":{"line":148,"column":26},"end":{"line":148,"column":38}}]},"2":{"type":"branch","line":151,"loc":{"start":{"line":151,"column":20},"end":{"line":164,"column":5}},"locations":[{"start":{"line":151,"column":20},"end":{"line":164,"column":5}}]},"3":{"type":"branch","line":158,"loc":{"start":{"line":158,"column":45},"end":{"line":158,"column":69}},"locations":[{"start":{"line":158,"column":45},"end":{"line":158,"column":69}}]},"4":{"type":"branch","line":160,"loc":{"start":{"line":160,"column":47},"end":{"line":160,"column":71}},"locations":[{"start":{"line":160,"column":47},"end":{"line":160,"column":71}}]},"5":{"type":"branch","line":165,"loc":{"start":{"line":165,"column":-2},"end":{"line":195,"column":45}},"locations":[{"start":{"line":165,"column":-2},"end":{"line":195,"column":45}}]},"6":{"type":"branch","line":195,"loc":{"start":{"line":195,"column":45},"end":{"line":195,"column":59}},"locations":[{"start":{"line":195,"column":45},"end":{"line":195,"column":59}}]},"7":{"type":"branch","line":195,"loc":{"start":{"line":195,"column":60},"end":{"line":195,"column":64}},"locations":[{"start":{"line":195,"column":60},"end":{"line":195,"column":64}}]},"8":{"type":"branch","line":201,"loc":{"start":{"line":201,"column":48},"end":{"line":201,"column":61}},"locations":[{"start":{"line":201,"column":48},"end":{"line":201,"column":61}}]},"9":{"type":"branch","line":201,"loc":{"start":{"line":201,"column":62},"end":{"line":201,"column":86}},"locations":[{"start":{"line":201,"column":62},"end":{"line":201,"column":86}}]},"10":{"type":"branch","line":201,"loc":{"start":{"line":201,"column":87},"end":{"line":201,"column":102}},"locations":[{"start":{"line":201,"column":87},"end":{"line":201,"column":102}}]},"11":{"type":"branch","line":202,"loc":{"start":{"line":202,"column":38},"end":{"line":202,"column":41}},"locations":[{"start":{"line":202,"column":38},"end":{"line":202,"column":41}}]},"12":{"type":"branch","line":202,"loc":{"start":{"line":202,"column":42},"end":{"line":202,"column":47}},"locations":[{"start":{"line":202,"column":42},"end":{"line":202,"column":47}}]},"13":{"type":"branch","line":204,"loc":{"start":{"line":204,"column":34},"end":{"line":204,"column":53}},"locations":[{"start":{"line":204,"column":34},"end":{"line":204,"column":53}}]},"14":{"type":"branch","line":204,"loc":{"start":{"line":204,"column":54},"end":{"line":204,"column":85}},"locations":[{"start":{"line":204,"column":54},"end":{"line":204,"column":85}}]},"15":{"type":"branch","line":204,"loc":{"start":{"line":204,"column":86},"end":{"line":204,"column":90}},"locations":[{"start":{"line":204,"column":86},"end":{"line":204,"column":90}}]},"16":{"type":"branch","line":34,"loc":{"start":{"line":34,"column":26},"end":{"line":44,"column":5}},"locations":[{"start":{"line":34,"column":26},"end":{"line":44,"column":5}}]},"17":{"type":"branch","line":37,"loc":{"start":{"line":37,"column":10},"end":{"line":43,"column":9}},"locations":[{"start":{"line":37,"column":10},"end":{"line":43,"column":9}}]},"18":{"type":"branch","line":46,"loc":{"start":{"line":46,"column":22},"end":{"line":50,"column":5}},"locations":[{"start":{"line":46,"column":22},"end":{"line":50,"column":5}}]},"19":{"type":"branch","line":47,"loc":{"start":{"line":47,"column":29},"end":{"line":47,"column":77}},"locations":[{"start":{"line":47,"column":29},"end":{"line":47,"column":77}}]},"20":{"type":"branch","line":54,"loc":{"start":{"line":54,"column":23},"end":{"line":54,"column":81}},"locations":[{"start":{"line":54,"column":23},"end":{"line":54,"column":81}}]},"21":{"type":"branch","line":54,"loc":{"start":{"line":54,"column":48},"end":{"line":54,"column":63}},"locations":[{"start":{"line":54,"column":48},"end":{"line":54,"column":63}}]},"22":{"type":"branch","line":86,"loc":{"start":{"line":86,"column":14},"end":{"line":101,"column":5}},"locations":[{"start":{"line":86,"column":14},"end":{"line":101,"column":5}}]},"23":{"type":"branch","line":87,"loc":{"start":{"line":87,"column":34},"end":{"line":87,"column":53}},"locations":[{"start":{"line":87,"column":34},"end":{"line":87,"column":53}}]},"24":{"type":"branch","line":87,"loc":{"start":{"line":87,"column":53},"end":{"line":87,"column":73}},"locations":[{"start":{"line":87,"column":53},"end":{"line":87,"column":73}}]},"25":{"type":"branch","line":87,"loc":{"start":{"line":87,"column":75},"end":{"line":89,"column":9}},"locations":[{"start":{"line":87,"column":75},"end":{"line":89,"column":9}}]},"26":{"type":"branch","line":90,"loc":{"start":{"line":90,"column":-2},"end":{"line":92,"column":18}},"locations":[{"start":{"line":90,"column":-2},"end":{"line":92,"column":18}}]},"27":{"type":"branch","line":92,"loc":{"start":{"line":92,"column":18},"end":{"line":95,"column":9}},"locations":[{"start":{"line":92,"column":18},"end":{"line":95,"column":9}}]},"28":{"type":"branch","line":96,"loc":{"start":{"line":96,"column":-2},"end":{"line":101,"column":5}},"locations":[{"start":{"line":96,"column":-2},"end":{"line":101,"column":5}}]},"29":{"type":"branch","line":99,"loc":{"start":{"line":99,"column":15},"end":{"line":100,"column":9}},"locations":[{"start":{"line":99,"column":15},"end":{"line":100,"column":9}}]},"30":{"type":"branch","line":110,"loc":{"start":{"line":110,"column":23},"end":{"line":140,"column":5}},"locations":[{"start":{"line":110,"column":23},"end":{"line":140,"column":5}}]},"31":{"type":"branch","line":112,"loc":{"start":{"line":112,"column":29},"end":{"line":112,"column":36}},"locations":[{"start":{"line":112,"column":29},"end":{"line":112,"column":36}}]},"32":{"type":"branch","line":118,"loc":{"start":{"line":118,"column":51},"end":{"line":118,"column":79}},"locations":[{"start":{"line":118,"column":51},"end":{"line":118,"column":79}}]},"33":{"type":"branch","line":118,"loc":{"start":{"line":118,"column":81},"end":{"line":118,"column":88}},"locations":[{"start":{"line":118,"column":81},"end":{"line":118,"column":88}}]},"34":{"type":"branch","line":123,"loc":{"start":{"line":123,"column":20},"end":{"line":123,"column":46}},"locations":[{"start":{"line":123,"column":20},"end":{"line":123,"column":46}}]},"35":{"type":"branch","line":123,"loc":{"start":{"line":123,"column":47},"end":{"line":131,"column":9}},"locations":[{"start":{"line":123,"column":47},"end":{"line":131,"column":9}}]},"36":{"type":"branch","line":132,"loc":{"start":{"line":132,"column":-2},"end":{"line":139,"column":9}},"locations":[{"start":{"line":132,"column":-2},"end":{"line":139,"column":9}}]}},"b":{"0":[9],"1":[0],"2":[2],"3":[0],"4":[0],"5":[7],"6":[0],"7":[7],"8":[7],"9":[1],"10":[6],"11":[7],"12":[0],"13":[0],"14":[0],"15":[7],"16":[8],"17":[0],"18":[7],"19":[0],"20":[28],"21":[0],"22":[6],"23":[5],"24":[5],"25":[1],"26":[5],"27":[4],"28":[5],"29":[5],"30":[3],"31":[0],"32":[0],"33":[0],"34":[2],"35":[2],"36":[1]},"fnMap":{"0":{"name":"Pin","decl":{"start":{"line":20,"column":39},"end":{"line":209,"column":2}},"loc":{"start":{"line":20,"column":39},"end":{"line":209,"column":2}},"line":20},"1":{"name":"readColorSafe","decl":{"start":{"line":34,"column":26},"end":{"line":44,"column":5}},"loc":{"start":{"line":34,"column":26},"end":{"line":44,"column":5}},"line":34},"2":{"name":"getBounds","decl":{"start":{"line":46,"column":22},"end":{"line":50,"column":5}},"loc":{"start":{"line":46,"column":22},"end":{"line":50,"column":5}},"line":46},"3":{"name":"getPinSize","decl":{"start":{"line":54,"column":23},"end":{"line":54,"column":81}},"loc":{"start":{"line":54,"column":23},"end":{"line":54,"column":81}},"line":54},"4":{"name":"getZoomStyle","decl":{"start":{"line":58,"column":25},"end":{"line":84,"column":5}},"loc":{"start":{"line":58,"column":25},"end":{"line":84,"column":5}},"line":58},"5":{"name":"handleDragStart","decl":{"start":{"line":104,"column":28},"end":{"line":108,"column":5}},"loc":{"start":{"line":104,"column":28},"end":{"line":108,"column":5}},"line":104},"6":{"name":"handleDrag","decl":{"start":{"line":110,"column":23},"end":{"line":140,"column":5}},"loc":{"start":{"line":110,"column":23},"end":{"line":140,"column":5}},"line":110},"7":{"name":"handleDragStop","decl":{"start":{"line":142,"column":27},"end":{"line":146,"column":5}},"loc":{"start":{"line":142,"column":27},"end":{"line":146,"column":5}},"line":142}},"f":{"0":9,"1":8,"2":7,"3":28,"4":0,"5":0,"6":3,"7":0}}
,"C:\\Users\\DanXa\\CSprojects\\color-picker\\src\\components\\PinOverlay\\PinOverlay.tsx": {"path":"C:\\Users\\DanXa\\CSprojects\\color-picker\\src\\components\\PinOverlay\\PinOverlay.tsx","all":false,"statementMap":{"0":{"start":{"line":1,"column":0},"end":{"line":1,"column":59}},"1":{"start":{"line":2,"column":0},"end":{"line":2,"column":33}},"2":{"start":{"line":3,"column":0},"end":{"line":3,"column":55}},"3":{"start":{"line":4,"column":0},"end":{"line":4,"column":27}},"4":{"start":{"line":5,"column":0},"end":{"line":5,"column":53}},"5":{"start":{"line":6,"column":0},"end":{"line":6,"column":0}},"6":{"start":{"line":7,"column":0},"end":{"line":7,"column":24}},"7":{"start":{"line":8,"column":0},"end":{"line":8,"column":18}},"8":{"start":{"line":9,"column":0},"end":{"line":9,"column":0}},"9":{"start":{"line":10,"column":0},"end":{"line":10,"column":67}},"10":{"start":{"line":11,"column":0},"end":{"line":11,"column":1}},"11":{"start":{"line":12,"column":0},"end":{"line":12,"column":0}},"12":{"start":{"line":13,"column":0},"end":{"line":13,"column":86}},"13":{"start":{"line":14,"column":0},"end":{"line":14,"column":84}},"14":{"start":{"line":15,"column":0},"end":{"line":15,"column":109}},"15":{"start":{"line":16,"column":0},"end":{"line":16,"column":100}},"16":{"start":{"line":17,"column":0},"end":{"line":17,"column":71}},"17":{"start":{"line":18,"column":0},"end":{"line":18,"column":93}},"18":{"start":{"line":19,"column":0},"end":{"line":19,"column":74}},"19":{"start":{"line":20,"column":0},"end":{"line":20,"column":60}},"20":{"start":{"line":21,"column":0},"end":{"line":21,"column":99}},"21":{"start":{"line":22,"column":0},"end":{"line":22,"column":4}},"22":{"start":{"line":23,"column":0},"end":{"line":23,"column":53}},"23":{"start":{"line":24,"column":0},"end":{"line":24,"column":0}},"24":{"start":{"line":25,"column":0},"end":{"line":25,"column":72}},"25":{"start":{"line":26,"column":0},"end":{"line":26,"column":0}},"26":{"start":{"line":27,"column":0},"end":{"line":27,"column":105}},"27":{"start":{"line":28,"column":0},"end":{"line":28,"column":61}},"28":{"start":{"line":29,"column":0},"end":{"line":29,"column":0}},"29":{"start":{"line":30,"column":0},"end":{"line":30,"column":43}},"30":{"start":{"line":31,"column":0},"end":{"line":31,"column":21}},"31":{"start":{"line":32,"column":0},"end":{"line":32,"column":78}},"32":{"start":{"line":33,"column":0},"end":{"line":33,"column":33}},"33":{"start":{"line":34,"column":0},"end":{"line":34,"column":31}},"34":{"start":{"line":35,"column":0},"end":{"line":35,"column":37}},"35":{"start":{"line":36,"column":0},"end":{"line":36,"column":0}},"36":{"start":{"line":37,"column":0},"end":{"line":37,"column":69}},"37":{"start":{"line":38,"column":0},"end":{"line":38,"column":84}},"38":{"start":{"line":39,"column":0},"end":{"line":39,"column":91}},"39":{"start":{"line":40,"column":0},"end":{"line":40,"column":54}},"40":{"start":{"line":41,"column":0},"end":{"line":41,"column":59}},"41":{"start":{"line":42,"column":0},"end":{"line":42,"column":74}},"42":{"start":{"line":43,"column":0},"end":{"line":43,"column":53}},"43":{"start":{"line":44,"column":0},"end":{"line":44,"column":0}},"44":{"start":{"line":45,"column":0},"end":{"line":45,"column":0}},"45":{"start":{"line":46,"column":0},"end":{"line":46,"column":98}},"46":{"start":{"line":47,"column":0},"end":{"line":47,"column":72}},"47":{"start":{"line":48,"column":0},"end":{"line":48,"column":107}},"48":{"start":{"line":49,"column":0},"end":{"line":49,"column":31}},"49":{"start":{"line":50,"column":0},"end":{"line":50,"column":70}},"50":{"start":{"line":51,"column":0},"end":{"line":51,"column":35}},"51":{"start":{"line":52,"column":0},"end":{"line":52,"column":15}},"52":{"start":{"line":53,"column":0},"end":{"line":53,"column":42}},"53":{"start":{"line":54,"column":0},"end":{"line":54,"column":11}},"54":{"start":{"line":55,"column":0},"end":{"line":55,"column":0}},"55":{"start":{"line":56,"column":0},"end":{"line":56,"column":0}},"56":{"start":{"line":57,"column":0},"end":{"line":57,"column":21}},"57":{"start":{"line":58,"column":0},"end":{"line":58,"column":103}},"58":{"start":{"line":59,"column":0},"end":{"line":59,"column":79}},"59":{"start":{"line":60,"column":0},"end":{"line":60,"column":0}},"60":{"start":{"line":61,"column":0},"end":{"line":61,"column":34}},"61":{"start":{"line":62,"column":0},"end":{"line":62,"column":30}},"62":{"start":{"line":63,"column":0},"end":{"line":63,"column":64}},"63":{"start":{"line":64,"column":0},"end":{"line":64,"column":92}},"64":{"start":{"line":65,"column":0},"end":{"line":65,"column":32}},"65":{"start":{"line":66,"column":0},"end":{"line":66,"column":17}},"66":{"start":{"line":67,"column":0},"end":{"line":67,"column":21}},"67":{"start":{"line":68,"column":0},"end":{"line":68,"column":78}},"68":{"start":{"line":69,"column":0},"end":{"line":69,"column":39}},"69":{"start":{"line":70,"column":0},"end":{"line":70,"column":17}},"70":{"start":{"line":71,"column":0},"end":{"line":71,"column":14}},"71":{"start":{"line":72,"column":0},"end":{"line":72,"column":10}},"72":{"start":{"line":73,"column":0},"end":{"line":73,"column":41}},"73":{"start":{"line":74,"column":0},"end":{"line":74,"column":71}},"74":{"start":{"line":75,"column":0},"end":{"line":75,"column":82}},"75":{"start":{"line":76,"column":0},"end":{"line":76,"column":0}},"76":{"start":{"line":77,"column":0},"end":{"line":77,"column":25}},"77":{"start":{"line":78,"column":0},"end":{"line":78,"column":32}},"78":{"start":{"line":79,"column":0},"end":{"line":79,"column":10}},"79":{"start":{"line":80,"column":0},"end":{"line":80,"column":0}},"80":{"start":{"line":81,"column":0},"end":{"line":81,"column":35}},"81":{"start":{"line":82,"column":0},"end":{"line":82,"column":36}},"82":{"start":{"line":83,"column":0},"end":{"line":83,"column":25}},"83":{"start":{"line":84,"column":0},"end":{"line":84,"column":10}},"84":{"start":{"line":85,"column":0},"end":{"line":85,"column":0}},"85":{"start":{"line":86,"column":0},"end":{"line":86,"column":0}},"86":{"start":{"line":87,"column":0},"end":{"line":87,"column":77}},"87":{"start":{"line":88,"column":0},"end":{"line":88,"column":71}},"88":{"start":{"line":89,"column":0},"end":{"line":89,"column":82}},"89":{"start":{"line":90,"column":0},"end":{"line":90,"column":54}},"90":{"start":{"line":91,"column":0},"end":{"line":91,"column":50}},"91":{"start":{"line":92,"column":0},"end":{"line":92,"column":35}},"92":{"start":{"line":93,"column":0},"end":{"line":93,"column":12}},"93":{"start":{"line":94,"column":0},"end":{"line":94,"column":30}},"94":{"start":{"line":95,"column":0},"end":{"line":95,"column":0}},"95":{"start":{"line":96,"column":0},"end":{"line":96,"column":44}},"96":{"start":{"line":97,"column":0},"end":{"line":97,"column":51}},"97":{"start":{"line":98,"column":0},"end":{"line":98,"column":25}},"98":{"start":{"line":99,"column":0},"end":{"line":99,"column":32}},"99":{"start":{"line":100,"column":0},"end":{"line":100,"column":9}},"100":{"start":{"line":101,"column":0},"end":{"line":101,"column":60}},"101":{"start":{"line":102,"column":0},"end":{"line":102,"column":56}},"102":{"start":{"line":103,"column":0},"end":{"line":103,"column":22}},"103":{"start":{"line":104,"column":0},"end":{"line":104,"column":65}},"104":{"start":{"line":105,"column":0},"end":{"line":105,"column":63}},"105":{"start":{"line":106,"column":0},"end":{"line":106,"column":10}},"106":{"start":{"line":107,"column":0},"end":{"line":107,"column":69}},"107":{"start":{"line":108,"column":0},"end":{"line":108,"column":89}},"108":{"start":{"line":109,"column":0},"end":{"line":109,"column":90}},"109":{"start":{"line":110,"column":0},"end":{"line":110,"column":71}},"110":{"start":{"line":111,"column":0},"end":{"line":111,"column":96}},"111":{"start":{"line":112,"column":0},"end":{"line":112,"column":78}},"112":{"start":{"line":113,"column":0},"end":{"line":113,"column":66}},"113":{"start":{"line":114,"column":0},"end":{"line":114,"column":32}},"114":{"start":{"line":115,"column":0},"end":{"line":115,"column":0}},"115":{"start":{"line":116,"column":0},"end":{"line":116,"column":21}},"116":{"start":{"line":117,"column":0},"end":{"line":117,"column":28}},"117":{"start":{"line":118,"column":0},"end":{"line":118,"column":17}},"118":{"start":{"line":119,"column":0},"end":{"line":119,"column":0}},"119":{"start":{"line":120,"column":0},"end":{"line":120,"column":21}},"120":{"start":{"line":121,"column":0},"end":{"line":121,"column":47}},"121":{"start":{"line":122,"column":0},"end":{"line":122,"column":28}},"122":{"start":{"line":123,"column":0},"end":{"line":123,"column":15}},"123":{"start":{"line":124,"column":0},"end":{"line":124,"column":0}},"124":{"start":{"line":125,"column":0},"end":{"line":125,"column":45}},"125":{"start":{"line":126,"column":0},"end":{"line":126,"column":27}},"126":{"start":{"line":127,"column":0},"end":{"line":127,"column":6}},"127":{"start":{"line":128,"column":0},"end":{"line":128,"column":0}},"128":{"start":{"line":129,"column":0},"end":{"line":129,"column":61}},"129":{"start":{"line":130,"column":0},"end":{"line":130,"column":52}},"130":{"start":{"line":131,"column":0},"end":{"line":131,"column":35}},"131":{"start":{"line":132,"column":0},"end":{"line":132,"column":27}},"132":{"start":{"line":133,"column":0},"end":{"line":133,"column":30}},"133":{"start":{"line":134,"column":0},"end":{"line":134,"column":36}},"134":{"start":{"line":135,"column":0},"end":{"line":135,"column":21}},"135":{"start":{"line":136,"column":0},"end":{"line":136,"column":16}},"136":{"start":{"line":137,"column":0},"end":{"line":137,"column":26}},"137":{"start":{"line":138,"column":0},"end":{"line":138,"column":15}},"138":{"start":{"line":139,"column":0},"end":{"line":139,"column":9}},"139":{"start":{"line":140,"column":0},"end":{"line":140,"column":51}},"140":{"start":{"line":141,"column":0},"end":{"line":141,"column":74}},"141":{"start":{"line":142,"column":0},"end":{"line":142,"column":6}},"142":{"start":{"line":143,"column":0},"end":{"line":143,"column":0}},"143":{"start":{"line":144,"column":0},"end":{"line":144,"column":34}},"144":{"start":{"line":145,"column":0},"end":{"line":145,"column":29}},"145":{"start":{"line":146,"column":0},"end":{"line":146,"column":5}},"146":{"start":{"line":147,"column":0},"end":{"line":147,"column":0}},"147":{"start":{"line":148,"column":0},"end":{"line":148,"column":45}},"148":{"start":{"line":149,"column":0},"end":{"line":149,"column":36}},"149":{"start":{"line":150,"column":0},"end":{"line":150,"column":60}},"150":{"start":{"line":151,"column":0},"end":{"line":151,"column":0}},"151":{"start":{"line":152,"column":0},"end":{"line":152,"column":25}},"152":{"start":{"line":153,"column":0},"end":{"line":153,"column":32}},"153":{"start":{"line":154,"column":0},"end":{"line":154,"column":39}},"154":{"start":{"line":155,"column":0},"end":{"line":155,"column":45}},"155":{"start":{"line":156,"column":0},"end":{"line":156,"column":13}},"156":{"start":{"line":157,"column":0},"end":{"line":157,"column":0}},"157":{"start":{"line":158,"column":0},"end":{"line":158,"column":31}},"158":{"start":{"line":159,"column":0},"end":{"line":159,"column":39}},"159":{"start":{"line":160,"column":0},"end":{"line":160,"column":47}},"160":{"start":{"line":161,"column":0},"end":{"line":161,"column":64}},"161":{"start":{"line":162,"column":0},"end":{"line":162,"column":48}},"162":{"start":{"line":163,"column":0},"end":{"line":163,"column":17}},"163":{"start":{"line":164,"column":0},"end":{"line":164,"column":45}},"164":{"start":{"line":165,"column":0},"end":{"line":165,"column":13}},"165":{"start":{"line":166,"column":0},"end":{"line":166,"column":0}},"166":{"start":{"line":167,"column":0},"end":{"line":167,"column":49}},"167":{"start":{"line":168,"column":0},"end":{"line":168,"column":41}},"168":{"start":{"line":169,"column":0},"end":{"line":169,"column":47}},"169":{"start":{"line":170,"column":0},"end":{"line":170,"column":50}},"170":{"start":{"line":171,"column":0},"end":{"line":171,"column":48}},"171":{"start":{"line":172,"column":0},"end":{"line":172,"column":17}},"172":{"start":{"line":173,"column":0},"end":{"line":173,"column":31}},"173":{"start":{"line":174,"column":0},"end":{"line":174,"column":13}},"174":{"start":{"line":175,"column":0},"end":{"line":175,"column":0}},"175":{"start":{"line":176,"column":0},"end":{"line":176,"column":24}},"176":{"start":{"line":177,"column":0},"end":{"line":177,"column":11}},"177":{"start":{"line":178,"column":0},"end":{"line":178,"column":5}},"178":{"start":{"line":179,"column":0},"end":{"line":179,"column":0}},"179":{"start":{"line":180,"column":0},"end":{"line":180,"column":39}},"180":{"start":{"line":181,"column":0},"end":{"line":181,"column":68}},"181":{"start":{"line":182,"column":0},"end":{"line":182,"column":33}},"182":{"start":{"line":183,"column":0},"end":{"line":183,"column":73}},"183":{"start":{"line":184,"column":0},"end":{"line":184,"column":55}},"184":{"start":{"line":185,"column":0},"end":{"line":185,"column":56}},"185":{"start":{"line":186,"column":0},"end":{"line":186,"column":34}},"186":{"start":{"line":187,"column":0},"end":{"line":187,"column":19}},"187":{"start":{"line":188,"column":0},"end":{"line":188,"column":29}},"188":{"start":{"line":189,"column":0},"end":{"line":189,"column":53}},"189":{"start":{"line":190,"column":0},"end":{"line":190,"column":10}},"190":{"start":{"line":191,"column":0},"end":{"line":191,"column":22}},"191":{"start":{"line":192,"column":0},"end":{"line":192,"column":5}},"192":{"start":{"line":193,"column":0},"end":{"line":193,"column":0}},"193":{"start":{"line":194,"column":0},"end":{"line":194,"column":37}},"194":{"start":{"line":195,"column":0},"end":{"line":195,"column":36}},"195":{"start":{"line":196,"column":0},"end":{"line":196,"column":29}},"196":{"start":{"line":197,"column":0},"end":{"line":197,"column":65}},"197":{"start":{"line":198,"column":0},"end":{"line":198,"column":71}},"198":{"start":{"line":199,"column":0},"end":{"line":199,"column":94}},"199":{"start":{"line":200,"column":0},"end":{"line":200,"column":0}},"200":{"start":{"line":201,"column":0},"end":{"line":201,"column":58}},"201":{"start":{"line":202,"column":0},"end":{"line":202,"column":65}},"202":{"start":{"line":203,"column":0},"end":{"line":203,"column":93}},"203":{"start":{"line":204,"column":0},"end":{"line":204,"column":54}},"204":{"start":{"line":205,"column":0},"end":{"line":205,"column":56}},"205":{"start":{"line":206,"column":0},"end":{"line":206,"column":40}},"206":{"start":{"line":207,"column":0},"end":{"line":207,"column":19}},"207":{"start":{"line":208,"column":0},"end":{"line":208,"column":23}},"208":{"start":{"line":209,"column":0},"end":{"line":209,"column":90}},"209":{"start":{"line":210,"column":0},"end":{"line":210,"column":13}},"210":{"start":{"line":211,"column":0},"end":{"line":211,"column":9}},"211":{"start":{"line":212,"column":0},"end":{"line":212,"column":10}},"212":{"start":{"line":213,"column":0},"end":{"line":213,"column":5}},"213":{"start":{"line":214,"column":0},"end":{"line":214,"column":0}},"214":{"start":{"line":215,"column":0},"end":{"line":215,"column":12}},"215":{"start":{"line":216,"column":0},"end":{"line":216,"column":13}},"216":{"start":{"line":217,"column":0},"end":{"line":217,"column":87}},"217":{"start":{"line":218,"column":0},"end":{"line":218,"column":17}},"218":{"start":{"line":219,"column":0},"end":{"line":219,"column":42}},"219":{"start":{"line":220,"column":0},"end":{"line":220,"column":93}},"220":{"start":{"line":221,"column":0},"end":{"line":221,"column":35}},"221":{"start":{"line":222,"column":0},"end":{"line":222,"column":13}},"222":{"start":{"line":223,"column":0},"end":{"line":223,"column":43}},"223":{"start":{"line":224,"column":0},"end":{"line":224,"column":28}},"224":{"start":{"line":225,"column":0},"end":{"line":225,"column":28}},"225":{"start":{"line":226,"column":0},"end":{"line":226,"column":49}},"226":{"start":{"line":227,"column":0},"end":{"line":227,"column":49}},"227":{"start":{"line":228,"column":0},"end":{"line":228,"column":37}},"228":{"start":{"line":229,"column":0},"end":{"line":229,"column":67}},"229":{"start":{"line":230,"column":0},"end":{"line":230,"column":96}},"230":{"start":{"line":231,"column":0},"end":{"line":231,"column":51}},"231":{"start":{"line":232,"column":0},"end":{"line":232,"column":90}},"232":{"start":{"line":233,"column":0},"end":{"line":233,"column":26}},"233":{"start":{"line":234,"column":0},"end":{"line":234,"column":22}},"234":{"start":{"line":235,"column":0},"end":{"line":235,"column":19}},"235":{"start":{"line":236,"column":0},"end":{"line":236,"column":18}},"236":{"start":{"line":237,"column":0},"end":{"line":237,"column":14}},"237":{"start":{"line":238,"column":0},"end":{"line":238,"column":6}},"238":{"start":{"line":239,"column":0},"end":{"line":239,"column":1}},"239":{"start":{"line":240,"column":0},"end":{"line":240,"column":29}}},"s":{"0":1,"1":1,"2":1,"3":1,"4":1,"5":1,"6":1,"7":1,"8":1,"9":1,"10":1,"11":1,"12":1,"13":1,"14":39,"15":39,"16":39,"17":39,"18":39,"19":39,"20":39,"21":39,"22":39,"23":39,"24":39,"25":39,"26":39,"27":39,"28":39,"29":39,"30":39,"31":11,"32":11,"33":11,"34":11,"35":11,"36":11,"37":11,"38":11,"39":11,"40":11,"41":11,"42":11,"43":11,"44":11,"45":11,"46":11,"47":11,"48":11,"49":0,"50":0,"51":11,"52":11,"53":39,"54":39,"55":39,"56":39,"57":11,"58":11,"59":11,"60":11,"61":10,"62":10,"63":10,"64":0,"65":0,"66":10,"67":10,"68":10,"69":10,"70":10,"71":11,"72":11,"73":0,"74":0,"75":0,"76":0,"77":0,"78":11,"79":11,"80":11,"81":11,"82":0,"83":11,"84":11,"85":11,"86":11,"87":11,"88":11,"89":11,"90":11,"91":11,"92":11,"93":11,"94":11,"95":11,"96":11,"97":10,"98":10,"99":10,"100":11,"101":11,"102":11,"103":11,"104":11,"105":11,"106":11,"107":11,"108":11,"109":11,"110":11,"111":11,"112":11,"113":39,"114":39,"115":39,"116":21,"117":39,"118":39,"119":39,"120":11,"121":11,"122":39,"123":39,"124":39,"125":0,"126":39,"127":39,"128":39,"129":39,"130":39,"131":39,"132":39,"133":39,"134":39,"135":39,"136":39,"137":39,"138":39,"139":39,"140":0,"141":39,"142":39,"143":39,"144":0,"145":0,"146":39,"147":39,"148":10,"149":10,"150":0,"151":0,"152":0,"153":0,"154":0,"155":0,"156":0,"157":0,"158":0,"159":0,"160":0,"161":0,"162":0,"163":0,"164":0,"165":0,"166":0,"167":0,"168":0,"169":0,"170":0,"171":0,"172":0,"173":0,"174":0,"175":0,"176":0,"177":0,"178":39,"179":39,"180":0,"181":0,"182":0,"183":0,"184":0,"185":0,"186":0,"187":0,"188":0,"189":0,"190":0,"191":0,"192":39,"193":39,"194":21,"195":21,"196":21,"197":21,"198":21,"199":21,"200":21,"201":21,"202":21,"203":0,"204":0,"205":0,"206":0,"207":0,"208":0,"209":0,"210":0,"211":0,"212":0,"213":39,"214":39,"215":39,"216":39,"217":39,"218":39,"219":39,"220":39,"221":39,"222":39,"223":0,"224":0,"225":0,"226":0,"227":0,"228":0,"229":0,"230":0,"231":0,"232":0,"233":0,"234":39,"235":39,"236":39,"237":39,"238":39,"239":1},"branchMap":{"0":{"type":"branch","line":14,"loc":{"start":{"line":14,"column":53},"end":{"line":239,"column":1}},"locations":[{"start":{"line":14,"column":53},"end":{"line":239,"column":1}}]},"1":{"type":"branch","line":31,"loc":{"start":{"line":31,"column":14},"end":{"line":54,"column":5}},"locations":[{"start":{"line":31,"column":14},"end":{"line":54,"column":5}}]},"2":{"type":"branch","line":33,"loc":{"start":{"line":33,"column":8},"end":{"line":33,"column":33}},"locations":[{"start":{"line":33,"column":8},"end":{"line":33,"column":33}}]},"3":{"type":"branch","line":34,"loc":{"start":{"line":34,"column":18},"end":{"line":49,"column":13}},"locations":[{"start":{"line":34,"column":18},"end":{"line":49,"column":13}}]},"4":{"type":"branch","line":35,"loc":{"start":{"line":35,"column":30},"end":{"line":35,"column":37}},"locations":[{"start":{"line":35,"column":30},"end":{"line":35,"column":37}}]},"5":{"type":"branch","line":39,"loc":{"start":{"line":39,"column":71},"end":{"line":39,"column":90}},"locations":[{"start":{"line":39,"column":71},"end":{"line":39,"column":90}}]},"6":{"type":"branch","line":48,"loc":{"start":{"line":48,"column":29},"end":{"line":48,"column":105}},"locations":[{"start":{"line":48,"column":29},"end":{"line":48,"column":105}}]},"7":{"type":"branch","line":53,"loc":{"start":{"line":53,"column":15},"end":{"line":53,"column":41}},"locations":[{"start":{"line":53,"column":15},"end":{"line":53,"column":41}}]},"8":{"type":"branch","line":57,"loc":{"start":{"line":57,"column":14},"end":{"line":114,"column":5}},"locations":[{"start":{"line":57,"column":14},"end":{"line":114,"column":5}}]},"9":{"type":"branch","line":59,"loc":{"start":{"line":59,"column":72},"end":{"line":59,"column":79}},"locations":[{"start":{"line":59,"column":72},"end":{"line":59,"column":79}}]},"10":{"type":"branch","line":97,"loc":{"start":{"line":97,"column":50},"end":{"line":100,"column":9}},"locations":[{"start":{"line":97,"column":50},"end":{"line":100,"column":9}}]},"11":{"type":"branch","line":61,"loc":{"start":{"line":61,"column":27},"end":{"line":72,"column":9}},"locations":[{"start":{"line":61,"column":27},"end":{"line":72,"column":9}}]},"12":{"type":"branch","line":62,"loc":{"start":{"line":62,"column":22},"end":{"line":71,"column":13}},"locations":[{"start":{"line":62,"column":22},"end":{"line":71,"column":13}}]},"13":{"type":"branch","line":64,"loc":{"start":{"line":64,"column":52},"end":{"line":64,"column":90}},"locations":[{"start":{"line":64,"column":52},"end":{"line":64,"column":90}}]},"14":{"type":"branch","line":64,"loc":{"start":{"line":64,"column":91},"end":{"line":66,"column":17}},"locations":[{"start":{"line":64,"column":91},"end":{"line":66,"column":17}}]},"15":{"type":"branch","line":103,"loc":{"start":{"line":103,"column":15},"end":{"line":106,"column":9}},"locations":[{"start":{"line":103,"column":15},"end":{"line":106,"column":9}}]},"16":{"type":"branch","line":116,"loc":{"start":{"line":116,"column":14},"end":{"line":118,"column":5}},"locations":[{"start":{"line":116,"column":14},"end":{"line":118,"column":5}}]},"17":{"type":"branch","line":120,"loc":{"start":{"line":120,"column":14},"end":{"line":123,"column":5}},"locations":[{"start":{"line":120,"column":14},"end":{"line":123,"column":5}}]},"18":{"type":"branch","line":148,"loc":{"start":{"line":148,"column":25},"end":{"line":178,"column":5}},"locations":[{"start":{"line":148,"column":25},"end":{"line":178,"column":5}}]},"19":{"type":"branch","line":149,"loc":{"start":{"line":149,"column":29},"end":{"line":149,"column":36}},"locations":[{"start":{"line":149,"column":29},"end":{"line":149,"column":36}}]},"20":{"type":"branch","line":150,"loc":{"start":{"line":150,"column":29},"end":{"line":150,"column":51}},"locations":[{"start":{"line":150,"column":29},"end":{"line":150,"column":51}}]},"21":{"type":"branch","line":151,"loc":{"start":{"line":151,"column":-2},"end":{"line":178,"column":5}},"locations":[{"start":{"line":151,"column":-2},"end":{"line":178,"column":5}}]},"22":{"type":"branch","line":194,"loc":{"start":{"line":194,"column":30},"end":{"line":213,"column":5}},"locations":[{"start":{"line":194,"column":30},"end":{"line":213,"column":5}}]},"23":{"type":"branch","line":195,"loc":{"start":{"line":195,"column":29},"end":{"line":195,"column":36}},"locations":[{"start":{"line":195,"column":29},"end":{"line":195,"column":36}}]},"24":{"type":"branch","line":201,"loc":{"start":{"line":201,"column":31},"end":{"line":201,"column":54}},"locations":[{"start":{"line":201,"column":31},"end":{"line":201,"column":54}}]},"25":{"type":"branch","line":201,"loc":{"start":{"line":201,"column":55},"end":{"line":202,"column":61}},"locations":[{"start":{"line":201,"column":55},"end":{"line":202,"column":61}}]},"26":{"type":"branch","line":202,"loc":{"start":{"line":202,"column":34},"end":{"line":202,"column":60}},"locations":[{"start":{"line":202,"column":34},"end":{"line":202,"column":60}}]},"27":{"type":"branch","line":202,"loc":{"start":{"line":202,"column":61},"end":{"line":203,"column":84}},"locations":[{"start":{"line":202,"column":61},"end":{"line":203,"column":84}}]},"28":{"type":"branch","line":204,"loc":{"start":{"line":204,"column":-2},"end":{"line":213,"column":5}},"locations":[{"start":{"line":204,"column":-2},"end":{"line":213,"column":5}}]}},"b":{"0":[39],"1":[11],"2":[11],"3":[11],"4":[0],"5":[0],"6":[7],"7":[11],"8":[11],"9":[0],"10":[10],"11":[10],"12":[10],"13":[0],"14":[0],"15":[11],"16":[21],"17":[11],"18":[10],"19":[0],"20":[0],"21":[0],"22":[21],"23":[0],"24":[10],"25":[10],"26":[0],"27":[0],"28":[0]},"fnMap":{"0":{"name":"PinOverlay","decl":{"start":{"line":14,"column":53},"end":{"line":239,"column":1}},"loc":{"start":{"line":14,"column":53},"end":{"line":239,"column":1}},"line":14},"1":{"name":"syncBounds","decl":{"start":{"line":61,"column":27},"end":{"line":72,"column":9}},"loc":{"start":{"line":61,"column":27},"end":{"line":72,"column":9}},"line":61},"2":{"name":"handleCanvasDrawn","decl":{"start":{"line":73,"column":34},"end":{"line":79,"column":9}},"loc":{"start":{"line":73,"column":34},"end":{"line":79,"column":9}},"line":73},"3":{"name":"handleResize","decl":{"start":{"line":82,"column":29},"end":{"line":84,"column":9}},"loc":{"start":{"line":82,"column":29},"end":{"line":84,"column":9}},"line":82},"4":{"name":"handleDragStart","decl":{"start":{"line":125,"column":28},"end":{"line":127,"column":5}},"loc":{"start":{"line":125,"column":28},"end":{"line":127,"column":5}},"line":125},"5":{"name":"handleDrag","decl":{"start":{"line":140,"column":23},"end":{"line":142,"column":5}},"loc":{"start":{"line":140,"column":23},"end":{"line":142,"column":5}},"line":140},"6":{"name":"handleDragStop","decl":{"start":{"line":144,"column":27},"end":{"line":146,"column":5}},"loc":{"start":{"line":144,"column":27},"end":{"line":146,"column":5}},"line":144},"7":{"name":"generatePins","decl":{"start":{"line":148,"column":25},"end":{"line":178,"column":5}},"loc":{"start":{"line":148,"column":25},"end":{"line":178,"column":5}},"line":148},"8":{"name":"createPin","decl":{"start":{"line":180,"column":22},"end":{"line":192,"column":5}},"loc":{"start":{"line":180,"column":22},"end":{"line":192,"column":5}},"line":180},"9":{"name":"shiftPinPositions","decl":{"start":{"line":194,"column":30},"end":{"line":213,"column":5}},"loc":{"start":{"line":194,"column":30},"end":{"line":213,"column":5}},"line":194}},"f":{"0":39,"1":10,"2":0,"3":0,"4":0,"5":0,"6":0,"7":10,"8":0,"9":21}}
,"C:\\Users\\DanXa\\CSprojects\\color-picker\\src\\util\\Canvas.tsx": {"path":"C:\\Users\\DanXa\\CSprojects\\color-picker\\src\\util\\Canvas.tsx","all":false,"statementMap":{"0":{"start":{"line":1,"column":0},"end":{"line":1,"column":47}},"1":{"start":{"line":2,"column":0},"end":{"line":2,"column":0}},"2":{"start":{"line":3,"column":0},"end":{"line":3,"column":21}},"3":{"start":{"line":4,"column":0},"end":{"line":4,"column":47}},"4":{"start":{"line":5,"column":0},"end":{"line":5,"column":55}},"5":{"start":{"line":6,"column":0},"end":{"line":6,"column":63}},"6":{"start":{"line":7,"column":0},"end":{"line":7,"column":0}},"7":{"start":{"line":8,"column":0},"end":{"line":8,"column":51}},"8":{"start":{"line":9,"column":0},"end":{"line":9,"column":35}},"9":{"start":{"line":10,"column":0},"end":{"line":10,"column":53}},"10":{"start":{"line":11,"column":0},"end":{"line":11,"column":32}},"11":{"start":{"line":12,"column":0},"end":{"line":12,"column":38}},"12":{"start":{"line":13,"column":0},"end":{"line":13,"column":5}},"13":{"start":{"line":14,"column":0},"end":{"line":14,"column":0}},"14":{"start":{"line":15,"column":0},"end":{"line":15,"column":38}},"15":{"start":{"line":16,"column":0},"end":{"line":16,"column":41}},"16":{"start":{"line":17,"column":0},"end":{"line":17,"column":31}},"17":{"start":{"line":18,"column":0},"end":{"line":18,"column":5}},"18":{"start":{"line":19,"column":0},"end":{"line":19,"column":0}},"19":{"start":{"line":20,"column":0},"end":{"line":20,"column":34}},"20":{"start":{"line":21,"column":0},"end":{"line":21,"column":39}},"21":{"start":{"line":22,"column":0},"end":{"line":22,"column":5}},"22":{"start":{"line":23,"column":0},"end":{"line":23,"column":0}},"23":{"start":{"line":24,"column":0},"end":{"line":24,"column":58}},"24":{"start":{"line":25,"column":0},"end":{"line":25,"column":33}},"25":{"start":{"line":26,"column":0},"end":{"line":26,"column":35}},"26":{"start":{"line":27,"column":0},"end":{"line":27,"column":5}},"27":{"start":{"line":28,"column":0},"end":{"line":28,"column":0}},"28":{"start":{"line":29,"column":0},"end":{"line":29,"column":63}},"29":{"start":{"line":30,"column":0},"end":{"line":30,"column":16}},"30":{"start":{"line":31,"column":0},"end":{"line":31,"column":37}},"31":{"start":{"line":32,"column":0},"end":{"line":32,"column":38}},"32":{"start":{"line":33,"column":0},"end":{"line":33,"column":9}},"33":{"start":{"line":34,"column":0},"end":{"line":34,"column":5}},"34":{"start":{"line":35,"column":0},"end":{"line":35,"column":0}},"35":{"start":{"line":36,"column":0},"end":{"line":36,"column":74}},"36":{"start":{"line":37,"column":0},"end":{"line":37,"column":59}},"37":{"start":{"line":38,"column":0},"end":{"line":38,"column":57}},"38":{"start":{"line":39,"column":0},"end":{"line":39,"column":0}},"39":{"start":{"line":40,"column":0},"end":{"line":40,"column":52}},"40":{"start":{"line":41,"column":0},"end":{"line":41,"column":16}},"41":{"start":{"line":42,"column":0},"end":{"line":42,"column":30}},"42":{"start":{"line":43,"column":0},"end":{"line":43,"column":32}},"43":{"start":{"line":44,"column":0},"end":{"line":44,"column":9}},"44":{"start":{"line":45,"column":0},"end":{"line":45,"column":5}},"45":{"start":{"line":46,"column":0},"end":{"line":46,"column":0}},"46":{"start":{"line":47,"column":0},"end":{"line":47,"column":48}},"47":{"start":{"line":48,"column":0},"end":{"line":48,"column":16}},"48":{"start":{"line":49,"column":0},"end":{"line":49,"column":37}},"49":{"start":{"line":50,"column":0},"end":{"line":50,"column":37}},"50":{"start":{"line":51,"column":0},"end":{"line":51,"column":9}},"51":{"start":{"line":52,"column":0},"end":{"line":52,"column":5}},"52":{"start":{"line":53,"column":0},"end":{"line":53,"column":0}},"53":{"start":{"line":54,"column":0},"end":{"line":54,"column":80}},"54":{"start":{"line":55,"column":0},"end":{"line":55,"column":90}},"55":{"start":{"line":56,"column":0},"end":{"line":56,"column":57}},"56":{"start":{"line":57,"column":0},"end":{"line":57,"column":68}},"57":{"start":{"line":58,"column":0},"end":{"line":58,"column":53}},"58":{"start":{"line":59,"column":0},"end":{"line":59,"column":55}},"59":{"start":{"line":60,"column":0},"end":{"line":60,"column":40}},"60":{"start":{"line":61,"column":0},"end":{"line":61,"column":40}},"61":{"start":{"line":62,"column":0},"end":{"line":62,"column":8}},"62":{"start":{"line":63,"column":0},"end":{"line":63,"column":73}},"63":{"start":{"line":64,"column":0},"end":{"line":64,"column":23}},"64":{"start":{"line":65,"column":0},"end":{"line":65,"column":5}},"65":{"start":{"line":66,"column":0},"end":{"line":66,"column":0}},"66":{"start":{"line":67,"column":0},"end":{"line":67,"column":71}},"67":{"start":{"line":68,"column":0},"end":{"line":68,"column":44}},"68":{"start":{"line":69,"column":0},"end":{"line":69,"column":44}},"69":{"start":{"line":70,"column":0},"end":{"line":70,"column":98}},"70":{"start":{"line":71,"column":0},"end":{"line":71,"column":68}},"71":{"start":{"line":72,"column":0},"end":{"line":72,"column":52}},"72":{"start":{"line":73,"column":0},"end":{"line":73,"column":0}},"73":{"start":{"line":74,"column":0},"end":{"line":74,"column":38}},"74":{"start":{"line":75,"column":0},"end":{"line":75,"column":71}},"75":{"start":{"line":76,"column":0},"end":{"line":76,"column":27}},"76":{"start":{"line":77,"column":0},"end":{"line":77,"column":5}},"77":{"start":{"line":78,"column":0},"end":{"line":78,"column":0}},"78":{"start":{"line":79,"column":0},"end":{"line":79,"column":0}},"79":{"start":{"line":80,"column":0},"end":{"line":80,"column":28}},"80":{"start":{"line":81,"column":0},"end":{"line":81,"column":32}},"81":{"start":{"line":82,"column":0},"end":{"line":82,"column":27}},"82":{"start":{"line":83,"column":0},"end":{"line":83,"column":68}},"83":{"start":{"line":84,"column":0},"end":{"line":84,"column":0}},"84":{"start":{"line":85,"column":0},"end":{"line":85,"column":44}},"85":{"start":{"line":86,"column":0},"end":{"line":86,"column":51}},"86":{"start":{"line":87,"column":0},"end":{"line":87,"column":5}},"87":{"start":{"line":88,"column":0},"end":{"line":88,"column":0}},"88":{"start":{"line":89,"column":0},"end":{"line":89,"column":26}},"89":{"start":{"line":90,"column":0},"end":{"line":90,"column":33}},"90":{"start":{"line":91,"column":0},"end":{"line":91,"column":54}},"91":{"start":{"line":92,"column":0},"end":{"line":92,"column":43}},"92":{"start":{"line":93,"column":0},"end":{"line":93,"column":28}},"93":{"start":{"line":94,"column":0},"end":{"line":94,"column":53}},"94":{"start":{"line":95,"column":0},"end":{"line":95,"column":41}},"95":{"start":{"line":96,"column":0},"end":{"line":96,"column":27}},"96":{"start":{"line":97,"column":0},"end":{"line":97,"column":67}},"97":{"start":{"line":98,"column":0},"end":{"line":98,"column":5}},"98":{"start":{"line":99,"column":0},"end":{"line":99,"column":0}},"99":{"start":{"line":100,"column":0},"end":{"line":100,"column":43}},"100":{"start":{"line":101,"column":0},"end":{"line":101,"column":42}},"101":{"start":{"line":102,"column":0},"end":{"line":102,"column":44}},"102":{"start":{"line":103,"column":0},"end":{"line":103,"column":9}},"103":{"start":{"line":104,"column":0},"end":{"line":104,"column":50}},"104":{"start":{"line":105,"column":0},"end":{"line":105,"column":5}},"105":{"start":{"line":106,"column":0},"end":{"line":106,"column":0}},"106":{"start":{"line":107,"column":0},"end":{"line":107,"column":44}},"107":{"start":{"line":108,"column":0},"end":{"line":108,"column":48}},"108":{"start":{"line":109,"column":0},"end":{"line":109,"column":94}},"109":{"start":{"line":110,"column":0},"end":{"line":110,"column":5}},"110":{"start":{"line":111,"column":0},"end":{"line":111,"column":0}},"111":{"start":{"line":112,"column":0},"end":{"line":112,"column":35}},"112":{"start":{"line":113,"column":0},"end":{"line":113,"column":33}},"113":{"start":{"line":114,"column":0},"end":{"line":114,"column":56}},"114":{"start":{"line":115,"column":0},"end":{"line":115,"column":75}},"115":{"start":{"line":116,"column":0},"end":{"line":116,"column":5}},"116":{"start":{"line":117,"column":0},"end":{"line":117,"column":0}},"117":{"start":{"line":118,"column":0},"end":{"line":118,"column":28}},"118":{"start":{"line":119,"column":0},"end":{"line":119,"column":40}},"119":{"start":{"line":120,"column":0},"end":{"line":120,"column":33}},"120":{"start":{"line":121,"column":0},"end":{"line":121,"column":5}},"121":{"start":{"line":122,"column":0},"end":{"line":122,"column":1}}},"s":{"0":1,"1":1,"2":1,"3":1,"4":8,"5":8,"6":8,"7":8,"8":8,"9":8,"10":8,"11":8,"12":8,"13":8,"14":8,"15":1,"16":1,"17":1,"18":8,"19":8,"20":0,"21":0,"22":8,"23":8,"24":0,"25":0,"26":0,"27":8,"28":8,"29":0,"30":0,"31":0,"32":0,"33":0,"34":8,"35":8,"36":8,"37":1,"38":1,"39":1,"40":1,"41":1,"42":1,"43":1,"44":1,"45":8,"46":8,"47":0,"48":0,"49":0,"50":0,"51":0,"52":8,"53":8,"54":8,"55":2,"56":2,"57":1,"58":1,"59":1,"60":1,"61":1,"62":2,"63":1,"64":1,"65":8,"66":8,"67":2,"68":2,"69":2,"70":0,"71":0,"72":0,"73":0,"74":0,"75":0,"76":0,"77":8,"78":8,"79":8,"80":0,"81":0,"82":0,"83":0,"84":0,"85":0,"86":0,"87":1,"88":1,"89":1,"90":1,"91":1,"92":1,"93":1,"94":1,"95":1,"96":1,"97":1,"98":1,"99":1,"100":3,"101":3,"102":3,"103":3,"104":3,"105":1,"106":1,"107":0,"108":0,"109":0,"110":1,"111":1,"112":1,"113":2,"114":2,"115":2,"116":1,"117":1,"118":1,"119":1,"120":1,"121":1},"branchMap":{"0":{"type":"branch","line":4,"loc":{"start":{"line":4,"column":21},"end":{"line":87,"column":5}},"locations":[{"start":{"line":4,"column":21},"end":{"line":87,"column":5}}]},"1":{"type":"branch","line":8,"loc":{"start":{"line":8,"column":4},"end":{"line":13,"column":5}},"locations":[{"start":{"line":8,"column":4},"end":{"line":13,"column":5}}]},"2":{"type":"branch","line":15,"loc":{"start":{"line":15,"column":11},"end":{"line":18,"column":5}},"locations":[{"start":{"line":15,"column":11},"end":{"line":18,"column":5}}]},"3":{"type":"branch","line":37,"loc":{"start":{"line":37,"column":11},"end":{"line":45,"column":5}},"locations":[{"start":{"line":37,"column":11},"end":{"line":45,"column":5}}]},"4":{"type":"branch","line":55,"loc":{"start":{"line":55,"column":34},"end":{"line":65,"column":5}},"locations":[{"start":{"line":55,"column":34},"end":{"line":65,"column":5}}]},"5":{"type":"branch","line":57,"loc":{"start":{"line":57,"column":28},"end":{"line":57,"column":49}},"locations":[{"start":{"line":57,"column":28},"end":{"line":57,"column":49}}]},"6":{"type":"branch","line":57,"loc":{"start":{"line":57,"column":51},"end":{"line":63,"column":54}},"locations":[{"start":{"line":57,"column":51},"end":{"line":63,"column":54}}]},"7":{"type":"branch","line":63,"loc":{"start":{"line":63,"column":56},"end":{"line":63,"column":73}},"locations":[{"start":{"line":63,"column":56},"end":{"line":63,"column":73}}]},"8":{"type":"branch","line":64,"loc":{"start":{"line":64,"column":-2},"end":{"line":65,"column":5}},"locations":[{"start":{"line":64,"column":-2},"end":{"line":65,"column":5}}]},"9":{"type":"branch","line":67,"loc":{"start":{"line":67,"column":11},"end":{"line":77,"column":5}},"locations":[{"start":{"line":67,"column":11},"end":{"line":77,"column":5}}]},"10":{"type":"branch","line":70,"loc":{"start":{"line":70,"column":17},"end":{"line":70,"column":26}},"locations":[{"start":{"line":70,"column":17},"end":{"line":70,"column":26}}]},"11":{"type":"branch","line":70,"loc":{"start":{"line":70,"column":26},"end":{"line":70,"column":52}},"locations":[{"start":{"line":70,"column":26},"end":{"line":70,"column":52}}]},"12":{"type":"branch","line":70,"loc":{"start":{"line":70,"column":52},"end":{"line":70,"column":79}},"locations":[{"start":{"line":70,"column":52},"end":{"line":70,"column":79}}]},"13":{"type":"branch","line":71,"loc":{"start":{"line":71,"column":-2},"end":{"line":77,"column":5}},"locations":[{"start":{"line":71,"column":-2},"end":{"line":77,"column":5}}]},"14":{"type":"branch","line":89,"loc":{"start":{"line":89,"column":11},"end":{"line":98,"column":5}},"locations":[{"start":{"line":89,"column":11},"end":{"line":98,"column":5}}]},"15":{"type":"branch","line":100,"loc":{"start":{"line":100,"column":4},"end":{"line":105,"column":5}},"locations":[{"start":{"line":100,"column":4},"end":{"line":105,"column":5}}]},"16":{"type":"branch","line":113,"loc":{"start":{"line":113,"column":14},"end":{"line":116,"column":5}},"locations":[{"start":{"line":113,"column":14},"end":{"line":116,"column":5}}]},"17":{"type":"branch","line":114,"loc":{"start":{"line":114,"column":49},"end":{"line":114,"column":56}},"locations":[{"start":{"line":114,"column":49},"end":{"line":114,"column":56}}]},"18":{"type":"branch","line":115,"loc":{"start":{"line":115,"column":51},"end":{"line":115,"column":73}},"locations":[{"start":{"line":115,"column":51},"end":{"line":115,"column":73}}]},"19":{"type":"branch","line":118,"loc":{"start":{"line":118,"column":11},"end":{"line":121,"column":5}},"locations":[{"start":{"line":118,"column":11},"end":{"line":121,"column":5}}]}},"b":{"0":[8],"1":[8],"2":[1],"3":[1],"4":[2],"5":[1],"6":[1],"7":[0],"8":[1],"9":[2],"10":[1],"11":[1],"12":[0],"13":[0],"14":[1],"15":[3],"16":[2],"17":[0],"18":[2],"19":[1]},"fnMap":{"0":{"name":"<instance_members_initializer>","decl":{"start":{"line":4,"column":21},"end":{"line":87,"column":5}},"loc":{"start":{"line":4,"column":21},"end":{"line":87,"column":5}},"line":4},"1":{"name":"Canvas","decl":{"start":{"line":8,"column":4},"end":{"line":13,"column":5}},"loc":{"start":{"line":8,"column":4},"end":{"line":13,"column":5}},"line":8},"2":{"name":"drawImage","decl":{"start":{"line":15,"column":11},"end":{"line":18,"column":5}},"loc":{"start":{"line":15,"column":11},"end":{"line":18,"column":5}},"line":15},"3":{"name":"getImageSrc","decl":{"start":{"line":20,"column":11},"end":{"line":22,"column":5}},"loc":{"start":{"line":20,"column":11},"end":{"line":22,"column":5}},"line":20},"4":{"name":"setDimensions","decl":{"start":{"line":24,"column":11},"end":{"line":27,"column":5}},"loc":{"start":{"line":24,"column":11},"end":{"line":27,"column":5}},"line":24},"5":{"name":"getDimensions","decl":{"start":{"line":29,"column":11},"end":{"line":34,"column":5}},"loc":{"start":{"line":29,"column":11},"end":{"line":34,"column":5}},"line":29},"6":{"name":"getBounds","decl":{"start":{"line":37,"column":11},"end":{"line":45,"column":5}},"loc":{"start":{"line":37,"column":11},"end":{"line":45,"column":5}},"line":37},"7":{"name":"getCanvasCenterPoint","decl":{"start":{"line":47,"column":11},"end":{"line":52,"column":5}},"loc":{"start":{"line":47,"column":11},"end":{"line":52,"column":5}},"line":47},"8":{"name":"getCanvasCoordinates","decl":{"start":{"line":55,"column":34},"end":{"line":65,"column":5}},"loc":{"start":{"line":55,"column":34},"end":{"line":65,"column":5}},"line":55},"9":{"name":"getPixelColorRaw","decl":{"start":{"line":67,"column":11},"end":{"line":77,"column":5}},"loc":{"start":{"line":67,"column":11},"end":{"line":77,"column":5}},"line":67},"10":{"name":"getPixelColor","decl":{"start":{"line":80,"column":27},"end":{"line":87,"column":5}},"loc":{"start":{"line":80,"column":27},"end":{"line":87,"column":5}},"line":80},"11":{"name":"reset","decl":{"start":{"line":89,"column":11},"end":{"line":98,"column":5}},"loc":{"start":{"line":89,"column":11},"end":{"line":98,"column":5}},"line":89},"12":{"name":"on","decl":{"start":{"line":100,"column":4},"end":{"line":105,"column":5}},"loc":{"start":{"line":100,"column":4},"end":{"line":105,"column":5}},"line":100},"13":{"name":"off","decl":{"start":{"line":107,"column":4},"end":{"line":110,"column":5}},"loc":{"start":{"line":107,"column":4},"end":{"line":110,"column":5}},"line":107},"14":{"name":"emitCanvasDrawn","decl":{"start":{"line":113,"column":14},"end":{"line":116,"column":5}},"loc":{"start":{"line":113,"column":14},"end":{"line":116,"column":5}},"line":113},"15":{"name":"destroy","decl":{"start":{"line":118,"column":11},"end":{"line":121,"column":5}},"loc":{"start":{"line":118,"column":11},"end":{"line":121,"column":5}},"line":118}},"f":{"0":8,"1":8,"2":1,"3":0,"4":0,"5":0,"6":1,"7":0,"8":2,"9":2,"10":0,"11":1,"12":3,"13":0,"14":2,"15":1}}
,"C:\\Users\\DanXa\\CSprojects\\color-picker\\src\\util\\Types.tsx": {"path":"C:\\Users\\DanXa\\CSprojects\\color-picker\\src\\util\\Types.tsx","all":false,"statementMap":{"0":{"start":{"line":1,"column":0},"end":{"line":1,"column":23}},"1":{"start":{"line":2,"column":0},"end":{"line":2,"column":15}},"2":{"start":{"line":3,"column":0},"end":{"line":3,"column":15}},"3":{"start":{"line":4,"column":0},"end":{"line":4,"column":15}},"4":{"start":{"line":5,"column":0},"end":{"line":5,"column":2}},"5":{"start":{"line":6,"column":0},"end":{"line":6,"column":0}},"6":{"start":{"line":7,"column":0},"end":{"line":7,"column":27}},"7":{"start":{"line":8,"column":0},"end":{"line":8,"column":15}},"8":{"start":{"line":9,"column":0},"end":{"line":9,"column":16}},"9":{"start":{"line":10,"column":0},"end":{"line":10,"column":85}},"10":{"start":{"line":11,"column":0},"end":{"line":11,"column":62}},"11":{"start":{"line":12,"column":0},"end":{"line":12,"column":1}},"12":{"start":{"line":13,"column":0},"end":{"line":13,"column":0}},"13":{"start":{"line":14,"column":0},"end":{"line":14,"column":24}},"14":{"start":{"line":15,"column":0},"end":{"line":15,"column":16}},"15":{"start":{"line":16,"column":0},"end":{"line":16,"column":1}},"16":{"start":{"line":17,"column":0},"end":{"line":17,"column":0}},"17":{"start":{"line":18,"column":0},"end":{"line":18,"column":0}},"18":{"start":{"line":19,"column":0},"end":{"line":19,"column":30}},"19":{"start":{"line":20,"column":0},"end":{"line":20,"column":14}},"20":{"start":{"line":21,"column":0},"end":{"line":21,"column":14}},"21":{"start":{"line":22,"column":0},"end":{"line":22,"column":1}},"22":{"start":{"line":23,"column":0},"end":{"line":23,"column":0}},"23":{"start":{"line":24,"column":0},"end":{"line":24,"column":56}},"24":{"start":{"line":25,"column":0},"end":{"line":25,"column":31}},"25":{"start":{"line":26,"column":0},"end":{"line":26,"column":67}},"26":{"start":{"line":27,"column":0},"end":{"line":27,"column":21}},"27":{"start":{"line":28,"column":0},"end":{"line":28,"column":17}},"28":{"start":{"line":29,"column":0},"end":{"line":29,"column":23}},"29":{"start":{"line":30,"column":0},"end":{"line":30,"column":1}},"30":{"start":{"line":31,"column":0},"end":{"line":31,"column":0}},"31":{"start":{"line":32,"column":0},"end":{"line":32,"column":59}},"32":{"start":{"line":33,"column":0},"end":{"line":33,"column":36}},"33":{"start":{"line":34,"column":0},"end":{"line":34,"column":47}},"34":{"start":{"line":35,"column":0},"end":{"line":35,"column":1}}},"s":{"0":1,"1":1,"2":1,"3":1,"4":1,"5":1,"6":1,"7":1,"8":1,"9":1,"10":1,"11":1,"12":1,"13":1,"14":1,"15":1,"16":1,"17":1,"18":1,"19":1,"20":1,"21":1,"22":1,"23":0,"24":0,"25":0,"26":0,"27":0,"28":0,"29":0,"30":1,"31":1,"32":1,"33":1,"34":1},"branchMap":{"0":{"type":"branch","line":32,"loc":{"start":{"line":32,"column":0},"end":{"line":35,"column":1}},"locations":[{"start":{"line":32,"column":0},"end":{"line":35,"column":1}}]},"1":{"type":"branch","line":33,"loc":{"start":{"line":33,"column":14},"end":{"line":33,"column":36}},"locations":[{"start":{"line":33,"column":14},"end":{"line":33,"column":36}}]}},"b":{"0":[1],"1":[0]},"fnMap":{"0":{"name":"rgbToHex","decl":{"start":{"line":24,"column":0},"end":{"line":30,"column":1}},"loc":{"start":{"line":24,"column":0},"end":{"line":30,"column":1}},"line":24},"1":{"name":"rgbToString","decl":{"start":{"line":32,"column":0},"end":{"line":35,"column":1}},"loc":{"start":{"line":32,"column":0},"end":{"line":35,"column":1}},"line":32}},"f":{"0":0,"1":1}}
,"C:\\Users\\DanXa\\CSprojects\\color-picker\\src\\util\\index.tsx": {"path":"C:\\Users\\DanXa\\CSprojects\\color-picker\\src\\util\\index.tsx","all":false,"statementMap":{"0":{"start":{"line":1,"column":0},"end":{"line":1,"column":33}},"1":{"start":{"line":2,"column":0},"end":{"line":2,"column":101}},"2":{"start":{"line":3,"column":0},"end":{"line":3,"column":59}}},"s":{"0":1,"1":1,"2":1},"branchMap":{"0":{"type":"branch","line":2,"loc":{"start":{"line":2,"column":19},"end":{"line":2,"column":101}},"locations":[{"start":{"line":2,"column":19},"end":{"line":2,"column":101}}]}},"b":{"0":[1]},"fnMap":{"0":{"name":"get","decl":{"start":{"line":1,"column":9},"end":{"line":1,"column":33}},"loc":{"start":{"line":1,"column":9},"end":{"line":1,"column":33}},"line":1},"1":{"name":"get","decl":{"start":{"line":2,"column":9},"end":{"line":2,"column":19}},"loc":{"start":{"line":2,"column":9},"end":{"line":2,"column":19}},"line":2},"2":{"name":"get","decl":{"start":{"line":2,"column":19},"end":{"line":2,"column":101}},"loc":{"start":{"line":2,"column":19},"end":{"line":2,"column":101}},"line":2},"3":{"name":"get","decl":{"start":{"line":3,"column":9},"end":{"line":3,"column":20}},"loc":{"start":{"line":3,"column":9},"end":{"line":3,"column":20}},"line":3},"4":{"name":"get","decl":{"start":{"line":3,"column":20},"end":{"line":3,"column":59}},"loc":{"start":{"line":3,"column":20},"end":{"line":3,"column":59}},"line":3}},"f":{"0":0,"1":0,"2":1,"3":0,"4":0}}
,"C:\\Users\\DanXa\\CSprojects\\color-picker\\test\\styleMock.tsx": {"path":"C:\\Users\\DanXa\\CSprojects\\color-picker\\test\\styleMock.tsx","all":false,"statementMap":{"0":{"start":{"line":1,"column":0},"end":{"line":1,"column":59}},"1":{"start":{"line":2,"column":0},"end":{"line":2,"column":55}},"2":{"start":{"line":3,"column":0},"end":{"line":3,"column":52}},"3":{"start":{"line":4,"column":0},"end":{"line":4,"column":51}},"4":{"start":{"line":5,"column":0},"end":{"line":5,"column":60}},"5":{"start":{"line":6,"column":0},"end":{"line":6,"column":59}},"6":{"start":{"line":7,"column":0},"end":{"line":7,"column":38}},"7":{"start":{"line":8,"column":0},"end":{"line":8,"column":20}}},"s":{"0":1,"1":1,"2":1,"3":1,"4":1,"5":1,"6":1,"7":1},"branchMap":{},"b":{},"fnMap":{},"f":{}}
}
