{"C:\\Users\\DanXa\\CSprojects\\color-picker\\src\\components\\Pin\\Pin.tsx": {"path":"C:\\Users\\DanXa\\CSprojects\\color-picker\\src\\components\\Pin\\Pin.tsx","all":false,"statementMap":{"0":{"start":{"line":1,"column":0},"end":{"line":1,"column":0}},"1":{"start":{"line":2,"column":0},"end":{"line":2,"column":64}},"2":{"start":{"line":3,"column":0},"end":{"line":3,"column":49}},"3":{"start":{"line":4,"column":0},"end":{"line":4,"column":61}},"4":{"start":{"line":5,"column":0},"end":{"line":5,"column":53}},"5":{"start":{"line":6,"column":0},"end":{"line":6,"column":20}},"6":{"start":{"line":7,"column":0},"end":{"line":7,"column":48}},"7":{"start":{"line":8,"column":0},"end":{"line":8,"column":26}},"8":{"start":{"line":9,"column":0},"end":{"line":9,"column":28}},"9":{"start":{"line":10,"column":0},"end":{"line":10,"column":0}},"10":{"start":{"line":11,"column":0},"end":{"line":11,"column":17}},"11":{"start":{"line":12,"column":0},"end":{"line":12,"column":79}},"12":{"start":{"line":13,"column":0},"end":{"line":13,"column":83}},"13":{"start":{"line":14,"column":0},"end":{"line":14,"column":66}},"14":{"start":{"line":15,"column":0},"end":{"line":15,"column":18}},"15":{"start":{"line":16,"column":0},"end":{"line":16,"column":23}},"16":{"start":{"line":17,"column":0},"end":{"line":17,"column":43}},"17":{"start":{"line":18,"column":0},"end":{"line":18,"column":22}},"18":{"start":{"line":19,"column":0},"end":{"line":19,"column":21}},"19":{"start":{"line":20,"column":0},"end":{"line":20,"column":1}},"20":{"start":{"line":21,"column":0},"end":{"line":21,"column":0}},"21":{"start":{"line":22,"column":0},"end":{"line":22,"column":99}},"22":{"start":{"line":23,"column":0},"end":{"line":23,"column":43}},"23":{"start":{"line":24,"column":0},"end":{"line":24,"column":56}},"24":{"start":{"line":25,"column":0},"end":{"line":25,"column":0}},"25":{"start":{"line":26,"column":0},"end":{"line":26,"column":56}},"26":{"start":{"line":27,"column":0},"end":{"line":27,"column":70}},"27":{"start":{"line":28,"column":0},"end":{"line":28,"column":80}},"28":{"start":{"line":29,"column":0},"end":{"line":29,"column":0}},"29":{"start":{"line":30,"column":0},"end":{"line":30,"column":66}},"30":{"start":{"line":31,"column":0},"end":{"line":31,"column":0}},"31":{"start":{"line":32,"column":0},"end":{"line":32,"column":82}},"32":{"start":{"line":33,"column":0},"end":{"line":33,"column":69}},"33":{"start":{"line":34,"column":0},"end":{"line":34,"column":60}},"34":{"start":{"line":35,"column":0},"end":{"line":35,"column":0}},"35":{"start":{"line":36,"column":0},"end":{"line":36,"column":43}},"36":{"start":{"line":37,"column":0},"end":{"line":37,"column":47}},"37":{"start":{"line":38,"column":0},"end":{"line":38,"column":4}},"38":{"start":{"line":39,"column":0},"end":{"line":39,"column":85}},"39":{"start":{"line":40,"column":0},"end":{"line":40,"column":13}},"40":{"start":{"line":41,"column":0},"end":{"line":41,"column":48}},"41":{"start":{"line":42,"column":0},"end":{"line":42,"column":21}},"42":{"start":{"line":43,"column":0},"end":{"line":43,"column":39}},"43":{"start":{"line":44,"column":0},"end":{"line":44,"column":98}},"44":{"start":{"line":45,"column":0},"end":{"line":45,"column":43}},"45":{"start":{"line":46,"column":0},"end":{"line":46,"column":13}},"46":{"start":{"line":47,"column":0},"end":{"line":47,"column":29}},"47":{"start":{"line":48,"column":0},"end":{"line":48,"column":9}},"48":{"start":{"line":49,"column":0},"end":{"line":49,"column":6}},"49":{"start":{"line":50,"column":0},"end":{"line":50,"column":0}},"50":{"start":{"line":51,"column":0},"end":{"line":51,"column":21}},"51":{"start":{"line":52,"column":0},"end":{"line":52,"column":76}},"52":{"start":{"line":53,"column":0},"end":{"line":53,"column":19}},"53":{"start":{"line":54,"column":0},"end":{"line":54,"column":9}},"54":{"start":{"line":55,"column":0},"end":{"line":55,"column":0}},"55":{"start":{"line":56,"column":0},"end":{"line":56,"column":69}},"56":{"start":{"line":57,"column":0},"end":{"line":57,"column":0}},"57":{"start":{"line":58,"column":0},"end":{"line":58,"column":19}},"58":{"start":{"line":59,"column":0},"end":{"line":59,"column":30}},"59":{"start":{"line":60,"column":0},"end":{"line":60,"column":52}},"60":{"start":{"line":61,"column":0},"end":{"line":61,"column":47}},"61":{"start":{"line":62,"column":0},"end":{"line":62,"column":66}},"62":{"start":{"line":63,"column":0},"end":{"line":63,"column":71}},"63":{"start":{"line":64,"column":0},"end":{"line":64,"column":61}},"64":{"start":{"line":65,"column":0},"end":{"line":65,"column":85}},"65":{"start":{"line":66,"column":0},"end":{"line":66,"column":53}},"66":{"start":{"line":67,"column":0},"end":{"line":67,"column":9}},"67":{"start":{"line":68,"column":0},"end":{"line":68,"column":38}},"68":{"start":{"line":69,"column":0},"end":{"line":69,"column":0}},"69":{"start":{"line":70,"column":0},"end":{"line":70,"column":66}},"70":{"start":{"line":71,"column":0},"end":{"line":71,"column":22}},"71":{"start":{"line":72,"column":0},"end":{"line":72,"column":59}},"72":{"start":{"line":73,"column":0},"end":{"line":73,"column":10}},"73":{"start":{"line":74,"column":0},"end":{"line":74,"column":73}},"74":{"start":{"line":75,"column":0},"end":{"line":75,"column":0}},"75":{"start":{"line":76,"column":0},"end":{"line":76,"column":61}},"76":{"start":{"line":77,"column":0},"end":{"line":77,"column":55}},"77":{"start":{"line":78,"column":0},"end":{"line":78,"column":36}},"78":{"start":{"line":79,"column":0},"end":{"line":79,"column":0}},"79":{"start":{"line":80,"column":0},"end":{"line":80,"column":78}},"80":{"start":{"line":81,"column":0},"end":{"line":81,"column":93}},"81":{"start":{"line":82,"column":0},"end":{"line":82,"column":16}},"82":{"start":{"line":83,"column":0},"end":{"line":83,"column":44}},"83":{"start":{"line":84,"column":0},"end":{"line":84,"column":88}},"84":{"start":{"line":85,"column":0},"end":{"line":85,"column":8}},"85":{"start":{"line":86,"column":0},"end":{"line":86,"column":38}},"86":{"start":{"line":87,"column":0},"end":{"line":87,"column":74}},"87":{"start":{"line":88,"column":0},"end":{"line":88,"column":0}},"88":{"start":{"line":89,"column":0},"end":{"line":89,"column":48}},"89":{"start":{"line":90,"column":0},"end":{"line":90,"column":42}},"90":{"start":{"line":91,"column":0},"end":{"line":91,"column":23}},"91":{"start":{"line":92,"column":0},"end":{"line":92,"column":32}},"92":{"start":{"line":93,"column":0},"end":{"line":93,"column":50}},"93":{"start":{"line":94,"column":0},"end":{"line":94,"column":13}},"94":{"start":{"line":95,"column":0},"end":{"line":95,"column":40}},"95":{"start":{"line":96,"column":0},"end":{"line":96,"column":34}},"96":{"start":{"line":97,"column":0},"end":{"line":97,"column":9}},"97":{"start":{"line":98,"column":0},"end":{"line":98,"column":14}},"98":{"start":{"line":99,"column":0},"end":{"line":99,"column":42}},"99":{"start":{"line":100,"column":0},"end":{"line":100,"column":23}},"100":{"start":{"line":101,"column":0},"end":{"line":101,"column":50}},"101":{"start":{"line":102,"column":0},"end":{"line":102,"column":13}},"102":{"start":{"line":103,"column":0},"end":{"line":103,"column":40}},"103":{"start":{"line":104,"column":0},"end":{"line":104,"column":34}},"104":{"start":{"line":105,"column":0},"end":{"line":105,"column":9}},"105":{"start":{"line":106,"column":0},"end":{"line":106,"column":6}},"106":{"start":{"line":107,"column":0},"end":{"line":107,"column":0}},"107":{"start":{"line":108,"column":0},"end":{"line":108,"column":40}},"108":{"start":{"line":109,"column":0},"end":{"line":109,"column":17}},"109":{"start":{"line":110,"column":0},"end":{"line":110,"column":6}},"110":{"start":{"line":111,"column":0},"end":{"line":111,"column":0}},"111":{"start":{"line":112,"column":0},"end":{"line":112,"column":38}},"112":{"start":{"line":113,"column":0},"end":{"line":113,"column":0}},"113":{"start":{"line":114,"column":0},"end":{"line":114,"column":51}},"114":{"start":{"line":115,"column":0},"end":{"line":115,"column":21}},"115":{"start":{"line":116,"column":0},"end":{"line":116,"column":16}},"116":{"start":{"line":117,"column":0},"end":{"line":117,"column":16}},"117":{"start":{"line":118,"column":0},"end":{"line":118,"column":31}},"118":{"start":{"line":119,"column":0},"end":{"line":119,"column":51}},"119":{"start":{"line":120,"column":0},"end":{"line":120,"column":29}},"120":{"start":{"line":121,"column":0},"end":{"line":121,"column":24}},"121":{"start":{"line":122,"column":0},"end":{"line":122,"column":86}},"122":{"start":{"line":123,"column":0},"end":{"line":123,"column":82}},"123":{"start":{"line":124,"column":0},"end":{"line":124,"column":88}},"124":{"start":{"line":125,"column":0},"end":{"line":125,"column":41}},"125":{"start":{"line":126,"column":0},"end":{"line":126,"column":14}},"126":{"start":{"line":127,"column":0},"end":{"line":127,"column":10}},"127":{"start":{"line":128,"column":0},"end":{"line":128,"column":5}},"128":{"start":{"line":129,"column":0},"end":{"line":129,"column":0}},"129":{"start":{"line":130,"column":0},"end":{"line":130,"column":53}},"130":{"start":{"line":131,"column":0},"end":{"line":131,"column":12}},"131":{"start":{"line":132,"column":0},"end":{"line":132,"column":18}},"132":{"start":{"line":133,"column":0},"end":{"line":133,"column":24}},"133":{"start":{"line":134,"column":0},"end":{"line":134,"column":23}},"134":{"start":{"line":135,"column":0},"end":{"line":135,"column":27}},"135":{"start":{"line":136,"column":0},"end":{"line":136,"column":45}},"136":{"start":{"line":137,"column":0},"end":{"line":137,"column":29}},"137":{"start":{"line":138,"column":0},"end":{"line":138,"column":29}},"138":{"start":{"line":139,"column":0},"end":{"line":139,"column":31}},"139":{"start":{"line":140,"column":0},"end":{"line":140,"column":35}},"140":{"start":{"line":141,"column":0},"end":{"line":141,"column":9}},"141":{"start":{"line":142,"column":0},"end":{"line":142,"column":16}},"142":{"start":{"line":143,"column":0},"end":{"line":143,"column":31}},"143":{"start":{"line":144,"column":0},"end":{"line":144,"column":48}},"144":{"start":{"line":145,"column":0},"end":{"line":145,"column":29}},"145":{"start":{"line":146,"column":0},"end":{"line":146,"column":24}},"146":{"start":{"line":147,"column":0},"end":{"line":147,"column":86}},"147":{"start":{"line":148,"column":0},"end":{"line":148,"column":56}},"148":{"start":{"line":149,"column":0},"end":{"line":149,"column":88}},"149":{"start":{"line":150,"column":0},"end":{"line":150,"column":48}},"150":{"start":{"line":151,"column":0},"end":{"line":151,"column":41}},"151":{"start":{"line":152,"column":0},"end":{"line":152,"column":14}},"152":{"start":{"line":153,"column":0},"end":{"line":153,"column":20}},"153":{"start":{"line":154,"column":0},"end":{"line":154,"column":6}},"154":{"start":{"line":155,"column":0},"end":{"line":155,"column":2}}},"s":{"0":1,"1":1,"2":1,"3":1,"4":1,"5":1,"6":1,"7":1,"8":1,"9":1,"10":1,"11":1,"12":1,"13":1,"14":1,"15":1,"16":1,"17":1,"18":1,"19":1,"20":1,"21":1,"22":6,"23":6,"24":6,"25":6,"26":6,"27":6,"28":6,"29":6,"30":6,"31":6,"32":6,"33":6,"34":6,"35":6,"36":6,"37":6,"38":6,"39":7,"40":7,"41":7,"42":0,"43":0,"44":0,"45":0,"46":0,"47":0,"48":6,"49":6,"50":6,"51":6,"52":1,"53":1,"54":5,"55":5,"56":5,"57":6,"58":4,"59":4,"60":4,"61":4,"62":4,"63":4,"64":4,"65":4,"66":4,"67":5,"68":5,"69":5,"70":5,"71":5,"72":5,"73":6,"74":6,"75":6,"76":2,"77":2,"78":2,"79":2,"80":2,"81":2,"82":2,"83":2,"84":2,"85":2,"86":2,"87":2,"88":2,"89":1,"90":1,"91":1,"92":1,"93":1,"94":1,"95":1,"96":1,"97":1,"98":1,"99":1,"100":1,"101":1,"102":1,"103":1,"104":1,"105":6,"106":6,"107":6,"108":0,"109":6,"110":6,"111":6,"112":6,"113":6,"114":6,"115":1,"116":1,"117":1,"118":1,"119":1,"120":1,"121":1,"122":1,"123":1,"124":1,"125":1,"126":1,"127":1,"128":5,"129":5,"130":5,"131":5,"132":5,"133":5,"134":5,"135":5,"136":5,"137":5,"138":5,"139":5,"140":5,"141":5,"142":5,"143":5,"144":5,"145":5,"146":6,"147":6,"148":6,"149":6,"150":6,"151":6,"152":6,"153":6,"154":6},"branchMap":{"0":{"type":"branch","line":22,"loc":{"start":{"line":22,"column":39},"end":{"line":155,"column":2}},"locations":[{"start":{"line":22,"column":39},"end":{"line":155,"column":2}}]},"1":{"type":"branch","line":112,"loc":{"start":{"line":112,"column":26},"end":{"line":112,"column":38}},"locations":[{"start":{"line":112,"column":26},"end":{"line":112,"column":38}}]},"2":{"type":"branch","line":115,"loc":{"start":{"line":115,"column":20},"end":{"line":128,"column":5}},"locations":[{"start":{"line":115,"column":20},"end":{"line":128,"column":5}}]},"3":{"type":"branch","line":122,"loc":{"start":{"line":122,"column":45},"end":{"line":122,"column":69}},"locations":[{"start":{"line":122,"column":45},"end":{"line":122,"column":69}}]},"4":{"type":"branch","line":124,"loc":{"start":{"line":124,"column":47},"end":{"line":124,"column":71}},"locations":[{"start":{"line":124,"column":47},"end":{"line":124,"column":71}}]},"5":{"type":"branch","line":129,"loc":{"start":{"line":129,"column":-2},"end":{"line":147,"column":45}},"locations":[{"start":{"line":129,"column":-2},"end":{"line":147,"column":45}}]},"6":{"type":"branch","line":147,"loc":{"start":{"line":147,"column":45},"end":{"line":147,"column":69}},"locations":[{"start":{"line":147,"column":45},"end":{"line":147,"column":69}}]},"7":{"type":"branch","line":147,"loc":{"start":{"line":147,"column":70},"end":{"line":147,"column":85}},"locations":[{"start":{"line":147,"column":70},"end":{"line":147,"column":85}}]},"8":{"type":"branch","line":148,"loc":{"start":{"line":148,"column":46},"end":{"line":148,"column":49}},"locations":[{"start":{"line":148,"column":46},"end":{"line":148,"column":49}}]},"9":{"type":"branch","line":148,"loc":{"start":{"line":148,"column":50},"end":{"line":148,"column":55}},"locations":[{"start":{"line":148,"column":50},"end":{"line":148,"column":55}}]},"10":{"type":"branch","line":149,"loc":{"start":{"line":149,"column":47},"end":{"line":149,"column":71}},"locations":[{"start":{"line":149,"column":47},"end":{"line":149,"column":71}}]},"11":{"type":"branch","line":149,"loc":{"start":{"line":149,"column":72},"end":{"line":149,"column":87}},"locations":[{"start":{"line":149,"column":72},"end":{"line":149,"column":87}}]},"12":{"type":"branch","line":150,"loc":{"start":{"line":150,"column":38},"end":{"line":150,"column":41}},"locations":[{"start":{"line":150,"column":38},"end":{"line":150,"column":41}}]},"13":{"type":"branch","line":150,"loc":{"start":{"line":150,"column":42},"end":{"line":150,"column":47}},"locations":[{"start":{"line":150,"column":42},"end":{"line":150,"column":47}}]},"14":{"type":"branch","line":39,"loc":{"start":{"line":39,"column":26},"end":{"line":49,"column":5}},"locations":[{"start":{"line":39,"column":26},"end":{"line":49,"column":5}}]},"15":{"type":"branch","line":42,"loc":{"start":{"line":42,"column":10},"end":{"line":48,"column":9}},"locations":[{"start":{"line":42,"column":10},"end":{"line":48,"column":9}}]},"16":{"type":"branch","line":51,"loc":{"start":{"line":51,"column":14},"end":{"line":74,"column":5}},"locations":[{"start":{"line":51,"column":14},"end":{"line":74,"column":5}}]},"17":{"type":"branch","line":52,"loc":{"start":{"line":52,"column":34},"end":{"line":52,"column":53}},"locations":[{"start":{"line":52,"column":34},"end":{"line":52,"column":53}}]},"18":{"type":"branch","line":52,"loc":{"start":{"line":52,"column":53},"end":{"line":52,"column":73}},"locations":[{"start":{"line":52,"column":53},"end":{"line":52,"column":73}}]},"19":{"type":"branch","line":52,"loc":{"start":{"line":52,"column":75},"end":{"line":54,"column":9}},"locations":[{"start":{"line":52,"column":75},"end":{"line":54,"column":9}}]},"20":{"type":"branch","line":55,"loc":{"start":{"line":55,"column":-2},"end":{"line":58,"column":18}},"locations":[{"start":{"line":55,"column":-2},"end":{"line":58,"column":18}}]},"21":{"type":"branch","line":58,"loc":{"start":{"line":58,"column":18},"end":{"line":67,"column":9}},"locations":[{"start":{"line":58,"column":18},"end":{"line":67,"column":9}}]},"22":{"type":"branch","line":68,"loc":{"start":{"line":68,"column":-2},"end":{"line":74,"column":5}},"locations":[{"start":{"line":68,"column":-2},"end":{"line":74,"column":5}}]},"23":{"type":"branch","line":71,"loc":{"start":{"line":71,"column":15},"end":{"line":73,"column":9}},"locations":[{"start":{"line":71,"column":15},"end":{"line":73,"column":9}}]},"24":{"type":"branch","line":76,"loc":{"start":{"line":76,"column":23},"end":{"line":106,"column":5}},"locations":[{"start":{"line":76,"column":23},"end":{"line":106,"column":5}}]},"25":{"type":"branch","line":78,"loc":{"start":{"line":78,"column":29},"end":{"line":78,"column":36}},"locations":[{"start":{"line":78,"column":29},"end":{"line":78,"column":36}}]},"26":{"type":"branch","line":84,"loc":{"start":{"line":84,"column":51},"end":{"line":84,"column":79}},"locations":[{"start":{"line":84,"column":51},"end":{"line":84,"column":79}}]},"27":{"type":"branch","line":84,"loc":{"start":{"line":84,"column":81},"end":{"line":84,"column":88}},"locations":[{"start":{"line":84,"column":81},"end":{"line":84,"column":88}}]},"28":{"type":"branch","line":89,"loc":{"start":{"line":89,"column":20},"end":{"line":89,"column":46}},"locations":[{"start":{"line":89,"column":20},"end":{"line":89,"column":46}}]},"29":{"type":"branch","line":89,"loc":{"start":{"line":89,"column":47},"end":{"line":105,"column":9}},"locations":[{"start":{"line":89,"column":47},"end":{"line":105,"column":9}}]}},"b":{"0":[6],"1":[0],"2":[1],"3":[0],"4":[0],"5":[5],"6":[1],"7":[4],"8":[5],"9":[0],"10":[1],"11":[4],"12":[5],"13":[0],"14":[7],"15":[0],"16":[6],"17":[5],"18":[5],"19":[1],"20":[5],"21":[4],"22":[5],"23":[5],"24":[2],"25":[0],"26":[0],"27":[0],"28":[1],"29":[1]},"fnMap":{"0":{"name":"Pin","decl":{"start":{"line":22,"column":39},"end":{"line":155,"column":2}},"loc":{"start":{"line":22,"column":39},"end":{"line":155,"column":2}},"line":22},"1":{"name":"readColorSafe","decl":{"start":{"line":39,"column":26},"end":{"line":49,"column":5}},"loc":{"start":{"line":39,"column":26},"end":{"line":49,"column":5}},"line":39},"2":{"name":"handleDrag","decl":{"start":{"line":76,"column":23},"end":{"line":106,"column":5}},"loc":{"start":{"line":76,"column":23},"end":{"line":106,"column":5}},"line":76},"3":{"name":"handleDragStop","decl":{"start":{"line":108,"column":27},"end":{"line":110,"column":5}},"loc":{"start":{"line":108,"column":27},"end":{"line":110,"column":5}},"line":108}},"f":{"0":6,"1":7,"2":2,"3":0}}
,"C:\\Users\\DanXa\\CSprojects\\color-picker\\src\\components\\PinOverlay\\PinOverlay.tsx": {"path":"C:\\Users\\DanXa\\CSprojects\\color-picker\\src\\components\\PinOverlay\\PinOverlay.tsx","all":false,"statementMap":{"0":{"start":{"line":1,"column":0},"end":{"line":1,"column":59}},"1":{"start":{"line":2,"column":0},"end":{"line":2,"column":33}},"2":{"start":{"line":3,"column":0},"end":{"line":3,"column":36}},"3":{"start":{"line":4,"column":0},"end":{"line":4,"column":55}},"4":{"start":{"line":5,"column":0},"end":{"line":5,"column":35}},"5":{"start":{"line":6,"column":0},"end":{"line":6,"column":27}},"6":{"start":{"line":7,"column":0},"end":{"line":7,"column":53}},"7":{"start":{"line":8,"column":0},"end":{"line":8,"column":29}},"8":{"start":{"line":9,"column":0},"end":{"line":9,"column":0}},"9":{"start":{"line":10,"column":0},"end":{"line":10,"column":24}},"10":{"start":{"line":11,"column":0},"end":{"line":11,"column":18}},"11":{"start":{"line":12,"column":0},"end":{"line":12,"column":0}},"12":{"start":{"line":13,"column":0},"end":{"line":13,"column":67}},"13":{"start":{"line":14,"column":0},"end":{"line":14,"column":1}},"14":{"start":{"line":15,"column":0},"end":{"line":15,"column":0}},"15":{"start":{"line":16,"column":0},"end":{"line":16,"column":86}},"16":{"start":{"line":17,"column":0},"end":{"line":17,"column":84}},"17":{"start":{"line":18,"column":0},"end":{"line":18,"column":103}},"18":{"start":{"line":19,"column":0},"end":{"line":19,"column":93}},"19":{"start":{"line":20,"column":0},"end":{"line":20,"column":53}},"20":{"start":{"line":21,"column":0},"end":{"line":21,"column":0}},"21":{"start":{"line":22,"column":0},"end":{"line":22,"column":72}},"22":{"start":{"line":23,"column":0},"end":{"line":23,"column":0}},"23":{"start":{"line":24,"column":0},"end":{"line":24,"column":105}},"24":{"start":{"line":25,"column":0},"end":{"line":25,"column":61}},"25":{"start":{"line":26,"column":0},"end":{"line":26,"column":0}},"26":{"start":{"line":27,"column":0},"end":{"line":27,"column":43}},"27":{"start":{"line":28,"column":0},"end":{"line":28,"column":21}},"28":{"start":{"line":29,"column":0},"end":{"line":29,"column":78}},"29":{"start":{"line":30,"column":0},"end":{"line":30,"column":33}},"30":{"start":{"line":31,"column":0},"end":{"line":31,"column":31}},"31":{"start":{"line":32,"column":0},"end":{"line":32,"column":37}},"32":{"start":{"line":33,"column":0},"end":{"line":33,"column":0}},"33":{"start":{"line":34,"column":0},"end":{"line":34,"column":69}},"34":{"start":{"line":35,"column":0},"end":{"line":35,"column":84}},"35":{"start":{"line":36,"column":0},"end":{"line":36,"column":91}},"36":{"start":{"line":37,"column":0},"end":{"line":37,"column":54}},"37":{"start":{"line":38,"column":0},"end":{"line":38,"column":59}},"38":{"start":{"line":39,"column":0},"end":{"line":39,"column":74}},"39":{"start":{"line":40,"column":0},"end":{"line":40,"column":53}},"40":{"start":{"line":41,"column":0},"end":{"line":41,"column":0}},"41":{"start":{"line":42,"column":0},"end":{"line":42,"column":0}},"42":{"start":{"line":43,"column":0},"end":{"line":43,"column":98}},"43":{"start":{"line":44,"column":0},"end":{"line":44,"column":72}},"44":{"start":{"line":45,"column":0},"end":{"line":45,"column":107}},"45":{"start":{"line":46,"column":0},"end":{"line":46,"column":31}},"46":{"start":{"line":47,"column":0},"end":{"line":47,"column":70}},"47":{"start":{"line":48,"column":0},"end":{"line":48,"column":35}},"48":{"start":{"line":49,"column":0},"end":{"line":49,"column":15}},"49":{"start":{"line":50,"column":0},"end":{"line":50,"column":42}},"50":{"start":{"line":51,"column":0},"end":{"line":51,"column":11}},"51":{"start":{"line":52,"column":0},"end":{"line":52,"column":0}},"52":{"start":{"line":53,"column":0},"end":{"line":53,"column":0}},"53":{"start":{"line":54,"column":0},"end":{"line":54,"column":21}},"54":{"start":{"line":55,"column":0},"end":{"line":55,"column":103}},"55":{"start":{"line":56,"column":0},"end":{"line":56,"column":79}},"56":{"start":{"line":57,"column":0},"end":{"line":57,"column":0}},"57":{"start":{"line":58,"column":0},"end":{"line":58,"column":34}},"58":{"start":{"line":59,"column":0},"end":{"line":59,"column":30}},"59":{"start":{"line":60,"column":0},"end":{"line":60,"column":64}},"60":{"start":{"line":61,"column":0},"end":{"line":61,"column":92}},"61":{"start":{"line":62,"column":0},"end":{"line":62,"column":32}},"62":{"start":{"line":63,"column":0},"end":{"line":63,"column":17}},"63":{"start":{"line":64,"column":0},"end":{"line":64,"column":21}},"64":{"start":{"line":65,"column":0},"end":{"line":65,"column":39}},"65":{"start":{"line":66,"column":0},"end":{"line":66,"column":17}},"66":{"start":{"line":67,"column":0},"end":{"line":67,"column":14}},"67":{"start":{"line":68,"column":0},"end":{"line":68,"column":10}},"68":{"start":{"line":69,"column":0},"end":{"line":69,"column":41}},"69":{"start":{"line":70,"column":0},"end":{"line":70,"column":71}},"70":{"start":{"line":71,"column":0},"end":{"line":71,"column":82}},"71":{"start":{"line":72,"column":0},"end":{"line":72,"column":0}},"72":{"start":{"line":73,"column":0},"end":{"line":73,"column":25}},"73":{"start":{"line":74,"column":0},"end":{"line":74,"column":32}},"74":{"start":{"line":75,"column":0},"end":{"line":75,"column":10}},"75":{"start":{"line":76,"column":0},"end":{"line":76,"column":0}},"76":{"start":{"line":77,"column":0},"end":{"line":77,"column":0}},"77":{"start":{"line":78,"column":0},"end":{"line":78,"column":77}},"78":{"start":{"line":79,"column":0},"end":{"line":79,"column":71}},"79":{"start":{"line":80,"column":0},"end":{"line":80,"column":82}},"80":{"start":{"line":81,"column":0},"end":{"line":81,"column":54}},"81":{"start":{"line":82,"column":0},"end":{"line":82,"column":50}},"82":{"start":{"line":83,"column":0},"end":{"line":83,"column":35}},"83":{"start":{"line":84,"column":0},"end":{"line":84,"column":12}},"84":{"start":{"line":85,"column":0},"end":{"line":85,"column":30}},"85":{"start":{"line":86,"column":0},"end":{"line":86,"column":0}},"86":{"start":{"line":87,"column":0},"end":{"line":87,"column":64}},"87":{"start":{"line":88,"column":0},"end":{"line":88,"column":51}},"88":{"start":{"line":89,"column":0},"end":{"line":89,"column":25}},"89":{"start":{"line":90,"column":0},"end":{"line":90,"column":32}},"90":{"start":{"line":91,"column":0},"end":{"line":91,"column":9}},"91":{"start":{"line":92,"column":0},"end":{"line":92,"column":60}},"92":{"start":{"line":93,"column":0},"end":{"line":93,"column":22}},"93":{"start":{"line":94,"column":0},"end":{"line":94,"column":65}},"94":{"start":{"line":95,"column":0},"end":{"line":95,"column":10}},"95":{"start":{"line":96,"column":0},"end":{"line":96,"column":32}},"96":{"start":{"line":97,"column":0},"end":{"line":97,"column":0}},"97":{"start":{"line":98,"column":0},"end":{"line":98,"column":21}},"98":{"start":{"line":99,"column":0},"end":{"line":99,"column":52}},"99":{"start":{"line":100,"column":0},"end":{"line":100,"column":65}},"100":{"start":{"line":101,"column":0},"end":{"line":101,"column":9}},"101":{"start":{"line":102,"column":0},"end":{"line":102,"column":17}},"102":{"start":{"line":103,"column":0},"end":{"line":103,"column":0}},"103":{"start":{"line":104,"column":0},"end":{"line":104,"column":7}},"104":{"start":{"line":105,"column":0},"end":{"line":105,"column":79}},"105":{"start":{"line":106,"column":0},"end":{"line":106,"column":78}},"106":{"start":{"line":107,"column":0},"end":{"line":107,"column":73}},"107":{"start":{"line":108,"column":0},"end":{"line":108,"column":78}},"108":{"start":{"line":109,"column":0},"end":{"line":109,"column":77}},"109":{"start":{"line":110,"column":0},"end":{"line":110,"column":6}},"110":{"start":{"line":111,"column":0},"end":{"line":111,"column":0}},"111":{"start":{"line":112,"column":0},"end":{"line":112,"column":21}},"112":{"start":{"line":113,"column":0},"end":{"line":113,"column":47}},"113":{"start":{"line":114,"column":0},"end":{"line":114,"column":28}},"114":{"start":{"line":115,"column":0},"end":{"line":115,"column":15}},"115":{"start":{"line":116,"column":0},"end":{"line":116,"column":0}},"116":{"start":{"line":117,"column":0},"end":{"line":117,"column":45}},"117":{"start":{"line":118,"column":0},"end":{"line":118,"column":27}},"118":{"start":{"line":119,"column":0},"end":{"line":119,"column":6}},"119":{"start":{"line":120,"column":0},"end":{"line":120,"column":0}},"120":{"start":{"line":121,"column":0},"end":{"line":121,"column":61}},"121":{"start":{"line":122,"column":0},"end":{"line":122,"column":52}},"122":{"start":{"line":123,"column":0},"end":{"line":123,"column":35}},"123":{"start":{"line":124,"column":0},"end":{"line":124,"column":27}},"124":{"start":{"line":125,"column":0},"end":{"line":125,"column":30}},"125":{"start":{"line":126,"column":0},"end":{"line":126,"column":36}},"126":{"start":{"line":127,"column":0},"end":{"line":127,"column":21}},"127":{"start":{"line":128,"column":0},"end":{"line":128,"column":16}},"128":{"start":{"line":129,"column":0},"end":{"line":129,"column":26}},"129":{"start":{"line":130,"column":0},"end":{"line":130,"column":15}},"130":{"start":{"line":131,"column":0},"end":{"line":131,"column":9}},"131":{"start":{"line":132,"column":0},"end":{"line":132,"column":51}},"132":{"start":{"line":133,"column":0},"end":{"line":133,"column":74}},"133":{"start":{"line":134,"column":0},"end":{"line":134,"column":6}},"134":{"start":{"line":135,"column":0},"end":{"line":135,"column":0}},"135":{"start":{"line":136,"column":0},"end":{"line":136,"column":34}},"136":{"start":{"line":137,"column":0},"end":{"line":137,"column":29}},"137":{"start":{"line":138,"column":0},"end":{"line":138,"column":5}},"138":{"start":{"line":139,"column":0},"end":{"line":139,"column":0}},"139":{"start":{"line":140,"column":0},"end":{"line":140,"column":45}},"140":{"start":{"line":141,"column":0},"end":{"line":141,"column":30}},"141":{"start":{"line":142,"column":0},"end":{"line":142,"column":19}},"142":{"start":{"line":143,"column":0},"end":{"line":143,"column":9}},"143":{"start":{"line":144,"column":0},"end":{"line":144,"column":0}},"144":{"start":{"line":145,"column":0},"end":{"line":145,"column":25}},"145":{"start":{"line":146,"column":0},"end":{"line":146,"column":32}},"146":{"start":{"line":147,"column":0},"end":{"line":147,"column":39}},"147":{"start":{"line":148,"column":0},"end":{"line":148,"column":45}},"148":{"start":{"line":149,"column":0},"end":{"line":149,"column":13}},"149":{"start":{"line":150,"column":0},"end":{"line":150,"column":0}},"150":{"start":{"line":151,"column":0},"end":{"line":151,"column":31}},"151":{"start":{"line":152,"column":0},"end":{"line":152,"column":39}},"152":{"start":{"line":153,"column":0},"end":{"line":153,"column":47}},"153":{"start":{"line":154,"column":0},"end":{"line":154,"column":64}},"154":{"start":{"line":155,"column":0},"end":{"line":155,"column":48}},"155":{"start":{"line":156,"column":0},"end":{"line":156,"column":17}},"156":{"start":{"line":157,"column":0},"end":{"line":157,"column":45}},"157":{"start":{"line":158,"column":0},"end":{"line":158,"column":13}},"158":{"start":{"line":159,"column":0},"end":{"line":159,"column":0}},"159":{"start":{"line":160,"column":0},"end":{"line":160,"column":49}},"160":{"start":{"line":161,"column":0},"end":{"line":161,"column":41}},"161":{"start":{"line":162,"column":0},"end":{"line":162,"column":47}},"162":{"start":{"line":163,"column":0},"end":{"line":163,"column":50}},"163":{"start":{"line":164,"column":0},"end":{"line":164,"column":48}},"164":{"start":{"line":165,"column":0},"end":{"line":165,"column":17}},"165":{"start":{"line":166,"column":0},"end":{"line":166,"column":31}},"166":{"start":{"line":167,"column":0},"end":{"line":167,"column":13}},"167":{"start":{"line":168,"column":0},"end":{"line":168,"column":0}},"168":{"start":{"line":169,"column":0},"end":{"line":169,"column":24}},"169":{"start":{"line":170,"column":0},"end":{"line":170,"column":11}},"170":{"start":{"line":171,"column":0},"end":{"line":171,"column":5}},"171":{"start":{"line":172,"column":0},"end":{"line":172,"column":0}},"172":{"start":{"line":173,"column":0},"end":{"line":173,"column":39}},"173":{"start":{"line":174,"column":0},"end":{"line":174,"column":68}},"174":{"start":{"line":175,"column":0},"end":{"line":175,"column":33}},"175":{"start":{"line":176,"column":0},"end":{"line":176,"column":73}},"176":{"start":{"line":177,"column":0},"end":{"line":177,"column":53}},"177":{"start":{"line":178,"column":0},"end":{"line":178,"column":53}},"178":{"start":{"line":179,"column":0},"end":{"line":179,"column":55}},"179":{"start":{"line":180,"column":0},"end":{"line":180,"column":56}},"180":{"start":{"line":181,"column":0},"end":{"line":181,"column":34}},"181":{"start":{"line":182,"column":0},"end":{"line":182,"column":19}},"182":{"start":{"line":183,"column":0},"end":{"line":183,"column":29}},"183":{"start":{"line":184,"column":0},"end":{"line":184,"column":53}},"184":{"start":{"line":185,"column":0},"end":{"line":185,"column":10}},"185":{"start":{"line":186,"column":0},"end":{"line":186,"column":22}},"186":{"start":{"line":187,"column":0},"end":{"line":187,"column":5}},"187":{"start":{"line":188,"column":0},"end":{"line":188,"column":0}},"188":{"start":{"line":189,"column":0},"end":{"line":189,"column":12}},"189":{"start":{"line":190,"column":0},"end":{"line":190,"column":13}},"190":{"start":{"line":191,"column":0},"end":{"line":191,"column":91}},"191":{"start":{"line":192,"column":0},"end":{"line":192,"column":21}},"192":{"start":{"line":193,"column":0},"end":{"line":193,"column":46}},"193":{"start":{"line":194,"column":0},"end":{"line":194,"column":97}},"194":{"start":{"line":195,"column":0},"end":{"line":195,"column":39}},"195":{"start":{"line":196,"column":0},"end":{"line":196,"column":17}},"196":{"start":{"line":197,"column":0},"end":{"line":197,"column":47}},"197":{"start":{"line":198,"column":0},"end":{"line":198,"column":32}},"198":{"start":{"line":199,"column":0},"end":{"line":199,"column":32}},"199":{"start":{"line":200,"column":0},"end":{"line":200,"column":53}},"200":{"start":{"line":201,"column":0},"end":{"line":201,"column":53}},"201":{"start":{"line":202,"column":0},"end":{"line":202,"column":41}},"202":{"start":{"line":203,"column":0},"end":{"line":203,"column":71}},"203":{"start":{"line":204,"column":0},"end":{"line":204,"column":100}},"204":{"start":{"line":205,"column":0},"end":{"line":205,"column":55}},"205":{"start":{"line":206,"column":0},"end":{"line":206,"column":94}},"206":{"start":{"line":207,"column":0},"end":{"line":207,"column":30}},"207":{"start":{"line":208,"column":0},"end":{"line":208,"column":26}},"208":{"start":{"line":209,"column":0},"end":{"line":209,"column":23}},"209":{"start":{"line":210,"column":0},"end":{"line":210,"column":22}},"210":{"start":{"line":211,"column":0},"end":{"line":211,"column":14}},"211":{"start":{"line":212,"column":0},"end":{"line":212,"column":6}},"212":{"start":{"line":213,"column":0},"end":{"line":213,"column":4}},"213":{"start":{"line":214,"column":0},"end":{"line":214,"column":1}},"214":{"start":{"line":215,"column":0},"end":{"line":215,"column":29}}},"s":{"0":1,"1":1,"2":1,"3":1,"4":1,"5":1,"6":1,"7":1,"8":1,"9":1,"10":1,"11":1,"12":1,"13":1,"14":1,"15":1,"16":1,"17":35,"18":35,"19":35,"20":35,"21":35,"22":35,"23":35,"24":35,"25":35,"26":35,"27":35,"28":11,"29":11,"30":11,"31":11,"32":11,"33":11,"34":11,"35":11,"36":11,"37":11,"38":11,"39":11,"40":11,"41":11,"42":11,"43":11,"44":11,"45":11,"46":0,"47":0,"48":11,"49":11,"50":35,"51":35,"52":35,"53":35,"54":15,"55":15,"56":15,"57":15,"58":15,"59":15,"60":15,"61":5,"62":5,"63":10,"64":10,"65":10,"66":15,"67":15,"68":15,"69":1,"70":1,"71":1,"72":1,"73":1,"74":15,"75":15,"76":15,"77":15,"78":15,"79":15,"80":15,"81":15,"82":15,"83":15,"84":15,"85":15,"86":15,"87":15,"88":14,"89":14,"90":14,"91":15,"92":15,"93":15,"94":15,"95":35,"96":35,"97":35,"98":21,"99":10,"100":10,"101":35,"102":35,"103":35,"104":35,"105":35,"106":35,"107":35,"108":35,"109":35,"110":35,"111":35,"112":28,"113":28,"114":35,"115":35,"116":35,"117":0,"118":35,"119":35,"120":35,"121":35,"122":35,"123":35,"124":35,"125":35,"126":35,"127":35,"128":35,"129":35,"130":35,"131":35,"132":3,"133":35,"134":35,"135":35,"136":0,"137":0,"138":35,"139":35,"140":15,"141":0,"142":0,"143":15,"144":15,"145":15,"146":15,"147":2,"148":2,"149":13,"150":13,"151":15,"152":11,"153":11,"154":44,"155":44,"156":11,"157":11,"158":2,"159":2,"160":2,"161":2,"162":2,"163":4,"164":4,"165":2,"166":2,"167":0,"168":0,"169":15,"170":15,"171":35,"172":35,"173":48,"174":48,"175":48,"176":48,"177":48,"178":48,"179":48,"180":48,"181":48,"182":48,"183":48,"184":48,"185":48,"186":48,"187":35,"188":35,"189":35,"190":35,"191":35,"192":35,"193":35,"194":35,"195":35,"196":35,"197":93,"198":93,"199":93,"200":93,"201":93,"202":93,"203":93,"204":93,"205":93,"206":93,"207":93,"208":35,"209":35,"210":35,"211":35,"212":35,"213":35,"214":1},"branchMap":{"0":{"type":"branch","line":17,"loc":{"start":{"line":17,"column":53},"end":{"line":214,"column":1}},"locations":[{"start":{"line":17,"column":53},"end":{"line":214,"column":1}}]},"1":{"type":"branch","line":28,"loc":{"start":{"line":28,"column":14},"end":{"line":51,"column":5}},"locations":[{"start":{"line":28,"column":14},"end":{"line":51,"column":5}}]},"2":{"type":"branch","line":30,"loc":{"start":{"line":30,"column":8},"end":{"line":30,"column":33}},"locations":[{"start":{"line":30,"column":8},"end":{"line":30,"column":33}}]},"3":{"type":"branch","line":31,"loc":{"start":{"line":31,"column":18},"end":{"line":46,"column":13}},"locations":[{"start":{"line":31,"column":18},"end":{"line":46,"column":13}}]},"4":{"type":"branch","line":32,"loc":{"start":{"line":32,"column":30},"end":{"line":32,"column":37}},"locations":[{"start":{"line":32,"column":30},"end":{"line":32,"column":37}}]},"5":{"type":"branch","line":36,"loc":{"start":{"line":36,"column":71},"end":{"line":36,"column":90}},"locations":[{"start":{"line":36,"column":71},"end":{"line":36,"column":90}}]},"6":{"type":"branch","line":45,"loc":{"start":{"line":45,"column":29},"end":{"line":45,"column":105}},"locations":[{"start":{"line":45,"column":29},"end":{"line":45,"column":105}}]},"7":{"type":"branch","line":50,"loc":{"start":{"line":50,"column":15},"end":{"line":50,"column":41}},"locations":[{"start":{"line":50,"column":15},"end":{"line":50,"column":41}}]},"8":{"type":"branch","line":54,"loc":{"start":{"line":54,"column":14},"end":{"line":96,"column":5}},"locations":[{"start":{"line":54,"column":14},"end":{"line":96,"column":5}}]},"9":{"type":"branch","line":56,"loc":{"start":{"line":56,"column":72},"end":{"line":56,"column":79}},"locations":[{"start":{"line":56,"column":72},"end":{"line":56,"column":79}}]},"10":{"type":"branch","line":88,"loc":{"start":{"line":88,"column":50},"end":{"line":91,"column":9}},"locations":[{"start":{"line":88,"column":50},"end":{"line":91,"column":9}}]},"11":{"type":"branch","line":58,"loc":{"start":{"line":58,"column":27},"end":{"line":68,"column":9}},"locations":[{"start":{"line":58,"column":27},"end":{"line":68,"column":9}}]},"12":{"type":"branch","line":59,"loc":{"start":{"line":59,"column":22},"end":{"line":67,"column":13}},"locations":[{"start":{"line":59,"column":22},"end":{"line":67,"column":13}}]},"13":{"type":"branch","line":61,"loc":{"start":{"line":61,"column":52},"end":{"line":61,"column":90}},"locations":[{"start":{"line":61,"column":52},"end":{"line":61,"column":90}}]},"14":{"type":"branch","line":61,"loc":{"start":{"line":61,"column":91},"end":{"line":63,"column":17}},"locations":[{"start":{"line":61,"column":91},"end":{"line":63,"column":17}}]},"15":{"type":"branch","line":64,"loc":{"start":{"line":64,"column":-2},"end":{"line":66,"column":17}},"locations":[{"start":{"line":64,"column":-2},"end":{"line":66,"column":17}}]},"16":{"type":"branch","line":69,"loc":{"start":{"line":69,"column":34},"end":{"line":75,"column":9}},"locations":[{"start":{"line":69,"column":34},"end":{"line":75,"column":9}}]},"17":{"type":"branch","line":93,"loc":{"start":{"line":93,"column":15},"end":{"line":95,"column":9}},"locations":[{"start":{"line":93,"column":15},"end":{"line":95,"column":9}}]},"18":{"type":"branch","line":98,"loc":{"start":{"line":98,"column":14},"end":{"line":102,"column":5}},"locations":[{"start":{"line":98,"column":14},"end":{"line":102,"column":5}}]},"19":{"type":"branch","line":99,"loc":{"start":{"line":99,"column":28},"end":{"line":99,"column":49}},"locations":[{"start":{"line":99,"column":28},"end":{"line":99,"column":49}}]},"20":{"type":"branch","line":99,"loc":{"start":{"line":99,"column":51},"end":{"line":101,"column":9}},"locations":[{"start":{"line":99,"column":51},"end":{"line":101,"column":9}}]},"21":{"type":"branch","line":112,"loc":{"start":{"line":112,"column":14},"end":{"line":115,"column":5}},"locations":[{"start":{"line":112,"column":14},"end":{"line":115,"column":5}}]},"22":{"type":"branch","line":132,"loc":{"start":{"line":132,"column":23},"end":{"line":134,"column":5}},"locations":[{"start":{"line":132,"column":23},"end":{"line":134,"column":5}}]},"23":{"type":"branch","line":133,"loc":{"start":{"line":133,"column":16},"end":{"line":133,"column":72}},"locations":[{"start":{"line":133,"column":16},"end":{"line":133,"column":72}}]},"24":{"type":"branch","line":133,"loc":{"start":{"line":133,"column":41},"end":{"line":133,"column":71}},"locations":[{"start":{"line":133,"column":41},"end":{"line":133,"column":71}}]},"25":{"type":"branch","line":133,"loc":{"start":{"line":133,"column":62},"end":{"line":133,"column":67}},"locations":[{"start":{"line":133,"column":62},"end":{"line":133,"column":67}}]},"26":{"type":"branch","line":133,"loc":{"start":{"line":133,"column":68},"end":{"line":133,"column":71}},"locations":[{"start":{"line":133,"column":68},"end":{"line":133,"column":71}}]},"27":{"type":"branch","line":140,"loc":{"start":{"line":140,"column":25},"end":{"line":171,"column":5}},"locations":[{"start":{"line":140,"column":25},"end":{"line":171,"column":5}}]},"28":{"type":"branch","line":141,"loc":{"start":{"line":141,"column":29},"end":{"line":143,"column":9}},"locations":[{"start":{"line":141,"column":29},"end":{"line":143,"column":9}}]},"29":{"type":"branch","line":145,"loc":{"start":{"line":145,"column":16},"end":{"line":170,"column":9}},"locations":[{"start":{"line":145,"column":16},"end":{"line":170,"column":9}}]},"30":{"type":"branch","line":147,"loc":{"start":{"line":147,"column":38},"end":{"line":149,"column":13}},"locations":[{"start":{"line":147,"column":38},"end":{"line":149,"column":13}}]},"31":{"type":"branch","line":150,"loc":{"start":{"line":150,"column":-2},"end":{"line":152,"column":38}},"locations":[{"start":{"line":150,"column":-2},"end":{"line":152,"column":38}}]},"32":{"type":"branch","line":152,"loc":{"start":{"line":152,"column":38},"end":{"line":158,"column":13}},"locations":[{"start":{"line":152,"column":38},"end":{"line":158,"column":13}}]},"33":{"type":"branch","line":154,"loc":{"start":{"line":154,"column":63},"end":{"line":156,"column":17}},"locations":[{"start":{"line":154,"column":63},"end":{"line":156,"column":17}}]},"34":{"type":"branch","line":159,"loc":{"start":{"line":159,"column":-2},"end":{"line":167,"column":13}},"locations":[{"start":{"line":159,"column":-2},"end":{"line":167,"column":13}}]},"35":{"type":"branch","line":163,"loc":{"start":{"line":163,"column":49},"end":{"line":165,"column":17}},"locations":[{"start":{"line":163,"column":49},"end":{"line":165,"column":17}}]},"36":{"type":"branch","line":168,"loc":{"start":{"line":168,"column":-2},"end":{"line":170,"column":9}},"locations":[{"start":{"line":168,"column":-2},"end":{"line":170,"column":9}}]},"37":{"type":"branch","line":173,"loc":{"start":{"line":173,"column":22},"end":{"line":187,"column":5}},"locations":[{"start":{"line":173,"column":22},"end":{"line":187,"column":5}}]},"38":{"type":"branch","line":175,"loc":{"start":{"line":175,"column":12},"end":{"line":175,"column":33}},"locations":[{"start":{"line":175,"column":12},"end":{"line":175,"column":33}}]},"39":{"type":"branch","line":197,"loc":{"start":{"line":197,"column":30},"end":{"line":209,"column":21}},"locations":[{"start":{"line":197,"column":30},"end":{"line":209,"column":21}}]},"40":{"type":"branch","line":206,"loc":{"start":{"line":206,"column":69},"end":{"line":206,"column":93}},"locations":[{"start":{"line":206,"column":69},"end":{"line":206,"column":93}}]},"41":{"type":"branch","line":200,"loc":{"start":{"line":200,"column":43},"end":{"line":200,"column":52}},"locations":[{"start":{"line":200,"column":43},"end":{"line":200,"column":52}}]},"42":{"type":"branch","line":204,"loc":{"start":{"line":204,"column":40},"end":{"line":204,"column":99}},"locations":[{"start":{"line":204,"column":40},"end":{"line":204,"column":99}}]}},"b":{"0":[35],"1":[11],"2":[11],"3":[11],"4":[0],"5":[0],"6":[7],"7":[11],"8":[15],"9":[0],"10":[14],"11":[15],"12":[15],"13":[5],"14":[5],"15":[10],"16":[1],"17":[15],"18":[21],"19":[10],"20":[10],"21":[28],"22":[3],"23":[3],"24":[6],"25":[3],"26":[3],"27":[15],"28":[0],"29":[15],"30":[2],"31":[13],"32":[11],"33":[44],"34":[2],"35":[4],"36":[0],"37":[48],"38":[0],"39":[93],"40":[0],"41":[0],"42":[3]},"fnMap":{"0":{"name":"PinOverlay","decl":{"start":{"line":17,"column":53},"end":{"line":214,"column":1}},"loc":{"start":{"line":17,"column":53},"end":{"line":214,"column":1}},"line":17},"1":{"name":"syncBounds","decl":{"start":{"line":58,"column":27},"end":{"line":68,"column":9}},"loc":{"start":{"line":58,"column":27},"end":{"line":68,"column":9}},"line":58},"2":{"name":"handleCanvasDrawn","decl":{"start":{"line":69,"column":34},"end":{"line":75,"column":9}},"loc":{"start":{"line":69,"column":34},"end":{"line":75,"column":9}},"line":69},"3":{"name":"handleDragStart","decl":{"start":{"line":117,"column":28},"end":{"line":119,"column":5}},"loc":{"start":{"line":117,"column":28},"end":{"line":119,"column":5}},"line":117},"4":{"name":"handleDrag","decl":{"start":{"line":132,"column":23},"end":{"line":134,"column":5}},"loc":{"start":{"line":132,"column":23},"end":{"line":134,"column":5}},"line":132},"5":{"name":"handleDragStop","decl":{"start":{"line":136,"column":27},"end":{"line":138,"column":5}},"loc":{"start":{"line":136,"column":27},"end":{"line":138,"column":5}},"line":136},"6":{"name":"generatePins","decl":{"start":{"line":140,"column":25},"end":{"line":171,"column":5}},"loc":{"start":{"line":140,"column":25},"end":{"line":171,"column":5}},"line":140},"7":{"name":"createPin","decl":{"start":{"line":173,"column":22},"end":{"line":187,"column":5}},"loc":{"start":{"line":173,"column":22},"end":{"line":187,"column":5}},"line":173},"8":{"name":"onStart","decl":{"start":{"line":203,"column":41},"end":{"line":203,"column":70}},"loc":{"start":{"line":203,"column":41},"end":{"line":203,"column":70}},"line":203},"9":{"name":"onDrag","decl":{"start":{"line":204,"column":40},"end":{"line":204,"column":99}},"loc":{"start":{"line":204,"column":40},"end":{"line":204,"column":99}},"line":204}},"f":{"0":35,"1":15,"2":1,"3":0,"4":3,"5":0,"6":15,"7":48,"8":0,"9":3}}
,"C:\\Users\\DanXa\\CSprojects\\color-picker\\src\\util\\Canvas.tsx": {"path":"C:\\Users\\DanXa\\CSprojects\\color-picker\\src\\util\\Canvas.tsx","all":false,"statementMap":{"0":{"start":{"line":1,"column":0},"end":{"line":1,"column":47}},"1":{"start":{"line":2,"column":0},"end":{"line":2,"column":0}},"2":{"start":{"line":3,"column":0},"end":{"line":3,"column":21}},"3":{"start":{"line":4,"column":0},"end":{"line":4,"column":47}},"4":{"start":{"line":5,"column":0},"end":{"line":5,"column":55}},"5":{"start":{"line":6,"column":0},"end":{"line":6,"column":63}},"6":{"start":{"line":7,"column":0},"end":{"line":7,"column":0}},"7":{"start":{"line":8,"column":0},"end":{"line":8,"column":51}},"8":{"start":{"line":9,"column":0},"end":{"line":9,"column":35}},"9":{"start":{"line":10,"column":0},"end":{"line":10,"column":53}},"10":{"start":{"line":11,"column":0},"end":{"line":11,"column":32}},"11":{"start":{"line":12,"column":0},"end":{"line":12,"column":38}},"12":{"start":{"line":13,"column":0},"end":{"line":13,"column":5}},"13":{"start":{"line":14,"column":0},"end":{"line":14,"column":0}},"14":{"start":{"line":15,"column":0},"end":{"line":15,"column":38}},"15":{"start":{"line":16,"column":0},"end":{"line":16,"column":41}},"16":{"start":{"line":17,"column":0},"end":{"line":17,"column":31}},"17":{"start":{"line":18,"column":0},"end":{"line":18,"column":5}},"18":{"start":{"line":19,"column":0},"end":{"line":19,"column":0}},"19":{"start":{"line":20,"column":0},"end":{"line":20,"column":34}},"20":{"start":{"line":21,"column":0},"end":{"line":21,"column":39}},"21":{"start":{"line":22,"column":0},"end":{"line":22,"column":5}},"22":{"start":{"line":23,"column":0},"end":{"line":23,"column":0}},"23":{"start":{"line":24,"column":0},"end":{"line":24,"column":58}},"24":{"start":{"line":25,"column":0},"end":{"line":25,"column":33}},"25":{"start":{"line":26,"column":0},"end":{"line":26,"column":35}},"26":{"start":{"line":27,"column":0},"end":{"line":27,"column":5}},"27":{"start":{"line":28,"column":0},"end":{"line":28,"column":0}},"28":{"start":{"line":29,"column":0},"end":{"line":29,"column":63}},"29":{"start":{"line":30,"column":0},"end":{"line":30,"column":16}},"30":{"start":{"line":31,"column":0},"end":{"line":31,"column":37}},"31":{"start":{"line":32,"column":0},"end":{"line":32,"column":38}},"32":{"start":{"line":33,"column":0},"end":{"line":33,"column":9}},"33":{"start":{"line":34,"column":0},"end":{"line":34,"column":5}},"34":{"start":{"line":35,"column":0},"end":{"line":35,"column":0}},"35":{"start":{"line":36,"column":0},"end":{"line":36,"column":74}},"36":{"start":{"line":37,"column":0},"end":{"line":37,"column":59}},"37":{"start":{"line":38,"column":0},"end":{"line":38,"column":57}},"38":{"start":{"line":39,"column":0},"end":{"line":39,"column":0}},"39":{"start":{"line":40,"column":0},"end":{"line":40,"column":52}},"40":{"start":{"line":41,"column":0},"end":{"line":41,"column":16}},"41":{"start":{"line":42,"column":0},"end":{"line":42,"column":30}},"42":{"start":{"line":43,"column":0},"end":{"line":43,"column":32}},"43":{"start":{"line":44,"column":0},"end":{"line":44,"column":9}},"44":{"start":{"line":45,"column":0},"end":{"line":45,"column":5}},"45":{"start":{"line":46,"column":0},"end":{"line":46,"column":0}},"46":{"start":{"line":47,"column":0},"end":{"line":47,"column":48}},"47":{"start":{"line":48,"column":0},"end":{"line":48,"column":16}},"48":{"start":{"line":49,"column":0},"end":{"line":49,"column":37}},"49":{"start":{"line":50,"column":0},"end":{"line":50,"column":37}},"50":{"start":{"line":51,"column":0},"end":{"line":51,"column":9}},"51":{"start":{"line":52,"column":0},"end":{"line":52,"column":5}},"52":{"start":{"line":53,"column":0},"end":{"line":53,"column":0}},"53":{"start":{"line":54,"column":0},"end":{"line":54,"column":80}},"54":{"start":{"line":55,"column":0},"end":{"line":55,"column":90}},"55":{"start":{"line":56,"column":0},"end":{"line":56,"column":57}},"56":{"start":{"line":57,"column":0},"end":{"line":57,"column":68}},"57":{"start":{"line":58,"column":0},"end":{"line":58,"column":53}},"58":{"start":{"line":59,"column":0},"end":{"line":59,"column":55}},"59":{"start":{"line":60,"column":0},"end":{"line":60,"column":40}},"60":{"start":{"line":61,"column":0},"end":{"line":61,"column":40}},"61":{"start":{"line":62,"column":0},"end":{"line":62,"column":8}},"62":{"start":{"line":63,"column":0},"end":{"line":63,"column":73}},"63":{"start":{"line":64,"column":0},"end":{"line":64,"column":23}},"64":{"start":{"line":65,"column":0},"end":{"line":65,"column":5}},"65":{"start":{"line":66,"column":0},"end":{"line":66,"column":0}},"66":{"start":{"line":67,"column":0},"end":{"line":67,"column":71}},"67":{"start":{"line":68,"column":0},"end":{"line":68,"column":44}},"68":{"start":{"line":69,"column":0},"end":{"line":69,"column":44}},"69":{"start":{"line":70,"column":0},"end":{"line":70,"column":98}},"70":{"start":{"line":71,"column":0},"end":{"line":71,"column":68}},"71":{"start":{"line":72,"column":0},"end":{"line":72,"column":52}},"72":{"start":{"line":73,"column":0},"end":{"line":73,"column":0}},"73":{"start":{"line":74,"column":0},"end":{"line":74,"column":38}},"74":{"start":{"line":75,"column":0},"end":{"line":75,"column":71}},"75":{"start":{"line":76,"column":0},"end":{"line":76,"column":27}},"76":{"start":{"line":77,"column":0},"end":{"line":77,"column":5}},"77":{"start":{"line":78,"column":0},"end":{"line":78,"column":0}},"78":{"start":{"line":79,"column":0},"end":{"line":79,"column":0}},"79":{"start":{"line":80,"column":0},"end":{"line":80,"column":28}},"80":{"start":{"line":81,"column":0},"end":{"line":81,"column":32}},"81":{"start":{"line":82,"column":0},"end":{"line":82,"column":27}},"82":{"start":{"line":83,"column":0},"end":{"line":83,"column":68}},"83":{"start":{"line":84,"column":0},"end":{"line":84,"column":0}},"84":{"start":{"line":85,"column":0},"end":{"line":85,"column":44}},"85":{"start":{"line":86,"column":0},"end":{"line":86,"column":51}},"86":{"start":{"line":87,"column":0},"end":{"line":87,"column":5}},"87":{"start":{"line":88,"column":0},"end":{"line":88,"column":0}},"88":{"start":{"line":89,"column":0},"end":{"line":89,"column":26}},"89":{"start":{"line":90,"column":0},"end":{"line":90,"column":33}},"90":{"start":{"line":91,"column":0},"end":{"line":91,"column":54}},"91":{"start":{"line":92,"column":0},"end":{"line":92,"column":43}},"92":{"start":{"line":93,"column":0},"end":{"line":93,"column":28}},"93":{"start":{"line":94,"column":0},"end":{"line":94,"column":53}},"94":{"start":{"line":95,"column":0},"end":{"line":95,"column":41}},"95":{"start":{"line":96,"column":0},"end":{"line":96,"column":27}},"96":{"start":{"line":97,"column":0},"end":{"line":97,"column":67}},"97":{"start":{"line":98,"column":0},"end":{"line":98,"column":5}},"98":{"start":{"line":99,"column":0},"end":{"line":99,"column":0}},"99":{"start":{"line":100,"column":0},"end":{"line":100,"column":43}},"100":{"start":{"line":101,"column":0},"end":{"line":101,"column":42}},"101":{"start":{"line":102,"column":0},"end":{"line":102,"column":44}},"102":{"start":{"line":103,"column":0},"end":{"line":103,"column":9}},"103":{"start":{"line":104,"column":0},"end":{"line":104,"column":50}},"104":{"start":{"line":105,"column":0},"end":{"line":105,"column":5}},"105":{"start":{"line":106,"column":0},"end":{"line":106,"column":0}},"106":{"start":{"line":107,"column":0},"end":{"line":107,"column":44}},"107":{"start":{"line":108,"column":0},"end":{"line":108,"column":48}},"108":{"start":{"line":109,"column":0},"end":{"line":109,"column":94}},"109":{"start":{"line":110,"column":0},"end":{"line":110,"column":5}},"110":{"start":{"line":111,"column":0},"end":{"line":111,"column":0}},"111":{"start":{"line":112,"column":0},"end":{"line":112,"column":35}},"112":{"start":{"line":113,"column":0},"end":{"line":113,"column":33}},"113":{"start":{"line":114,"column":0},"end":{"line":114,"column":56}},"114":{"start":{"line":115,"column":0},"end":{"line":115,"column":75}},"115":{"start":{"line":116,"column":0},"end":{"line":116,"column":5}},"116":{"start":{"line":117,"column":0},"end":{"line":117,"column":0}},"117":{"start":{"line":118,"column":0},"end":{"line":118,"column":28}},"118":{"start":{"line":119,"column":0},"end":{"line":119,"column":40}},"119":{"start":{"line":120,"column":0},"end":{"line":120,"column":33}},"120":{"start":{"line":121,"column":0},"end":{"line":121,"column":5}},"121":{"start":{"line":122,"column":0},"end":{"line":122,"column":1}}},"s":{"0":1,"1":1,"2":1,"3":1,"4":8,"5":8,"6":8,"7":8,"8":8,"9":8,"10":8,"11":8,"12":8,"13":8,"14":8,"15":1,"16":1,"17":1,"18":8,"19":8,"20":0,"21":0,"22":8,"23":8,"24":0,"25":0,"26":0,"27":8,"28":8,"29":0,"30":0,"31":0,"32":0,"33":0,"34":8,"35":8,"36":8,"37":1,"38":1,"39":1,"40":1,"41":1,"42":1,"43":1,"44":1,"45":8,"46":8,"47":0,"48":0,"49":0,"50":0,"51":0,"52":8,"53":8,"54":8,"55":2,"56":2,"57":1,"58":1,"59":1,"60":1,"61":1,"62":2,"63":1,"64":1,"65":8,"66":8,"67":2,"68":2,"69":2,"70":0,"71":0,"72":0,"73":0,"74":0,"75":0,"76":0,"77":8,"78":8,"79":8,"80":0,"81":0,"82":0,"83":0,"84":0,"85":0,"86":0,"87":1,"88":1,"89":1,"90":1,"91":1,"92":1,"93":1,"94":1,"95":1,"96":1,"97":1,"98":1,"99":1,"100":3,"101":3,"102":3,"103":3,"104":3,"105":1,"106":1,"107":0,"108":0,"109":0,"110":1,"111":1,"112":1,"113":2,"114":2,"115":2,"116":1,"117":1,"118":1,"119":1,"120":1,"121":1},"branchMap":{"0":{"type":"branch","line":4,"loc":{"start":{"line":4,"column":21},"end":{"line":87,"column":5}},"locations":[{"start":{"line":4,"column":21},"end":{"line":87,"column":5}}]},"1":{"type":"branch","line":8,"loc":{"start":{"line":8,"column":4},"end":{"line":13,"column":5}},"locations":[{"start":{"line":8,"column":4},"end":{"line":13,"column":5}}]},"2":{"type":"branch","line":15,"loc":{"start":{"line":15,"column":11},"end":{"line":18,"column":5}},"locations":[{"start":{"line":15,"column":11},"end":{"line":18,"column":5}}]},"3":{"type":"branch","line":37,"loc":{"start":{"line":37,"column":11},"end":{"line":45,"column":5}},"locations":[{"start":{"line":37,"column":11},"end":{"line":45,"column":5}}]},"4":{"type":"branch","line":55,"loc":{"start":{"line":55,"column":34},"end":{"line":65,"column":5}},"locations":[{"start":{"line":55,"column":34},"end":{"line":65,"column":5}}]},"5":{"type":"branch","line":57,"loc":{"start":{"line":57,"column":28},"end":{"line":57,"column":49}},"locations":[{"start":{"line":57,"column":28},"end":{"line":57,"column":49}}]},"6":{"type":"branch","line":57,"loc":{"start":{"line":57,"column":51},"end":{"line":63,"column":54}},"locations":[{"start":{"line":57,"column":51},"end":{"line":63,"column":54}}]},"7":{"type":"branch","line":63,"loc":{"start":{"line":63,"column":56},"end":{"line":63,"column":73}},"locations":[{"start":{"line":63,"column":56},"end":{"line":63,"column":73}}]},"8":{"type":"branch","line":64,"loc":{"start":{"line":64,"column":-2},"end":{"line":65,"column":5}},"locations":[{"start":{"line":64,"column":-2},"end":{"line":65,"column":5}}]},"9":{"type":"branch","line":67,"loc":{"start":{"line":67,"column":11},"end":{"line":77,"column":5}},"locations":[{"start":{"line":67,"column":11},"end":{"line":77,"column":5}}]},"10":{"type":"branch","line":70,"loc":{"start":{"line":70,"column":17},"end":{"line":70,"column":26}},"locations":[{"start":{"line":70,"column":17},"end":{"line":70,"column":26}}]},"11":{"type":"branch","line":70,"loc":{"start":{"line":70,"column":26},"end":{"line":70,"column":52}},"locations":[{"start":{"line":70,"column":26},"end":{"line":70,"column":52}}]},"12":{"type":"branch","line":70,"loc":{"start":{"line":70,"column":52},"end":{"line":70,"column":79}},"locations":[{"start":{"line":70,"column":52},"end":{"line":70,"column":79}}]},"13":{"type":"branch","line":71,"loc":{"start":{"line":71,"column":-2},"end":{"line":77,"column":5}},"locations":[{"start":{"line":71,"column":-2},"end":{"line":77,"column":5}}]},"14":{"type":"branch","line":89,"loc":{"start":{"line":89,"column":11},"end":{"line":98,"column":5}},"locations":[{"start":{"line":89,"column":11},"end":{"line":98,"column":5}}]},"15":{"type":"branch","line":100,"loc":{"start":{"line":100,"column":4},"end":{"line":105,"column":5}},"locations":[{"start":{"line":100,"column":4},"end":{"line":105,"column":5}}]},"16":{"type":"branch","line":113,"loc":{"start":{"line":113,"column":14},"end":{"line":116,"column":5}},"locations":[{"start":{"line":113,"column":14},"end":{"line":116,"column":5}}]},"17":{"type":"branch","line":114,"loc":{"start":{"line":114,"column":49},"end":{"line":114,"column":56}},"locations":[{"start":{"line":114,"column":49},"end":{"line":114,"column":56}}]},"18":{"type":"branch","line":115,"loc":{"start":{"line":115,"column":51},"end":{"line":115,"column":73}},"locations":[{"start":{"line":115,"column":51},"end":{"line":115,"column":73}}]},"19":{"type":"branch","line":118,"loc":{"start":{"line":118,"column":11},"end":{"line":121,"column":5}},"locations":[{"start":{"line":118,"column":11},"end":{"line":121,"column":5}}]}},"b":{"0":[8],"1":[8],"2":[1],"3":[1],"4":[2],"5":[1],"6":[1],"7":[0],"8":[1],"9":[2],"10":[1],"11":[1],"12":[0],"13":[0],"14":[1],"15":[3],"16":[2],"17":[0],"18":[2],"19":[1]},"fnMap":{"0":{"name":"<instance_members_initializer>","decl":{"start":{"line":4,"column":21},"end":{"line":87,"column":5}},"loc":{"start":{"line":4,"column":21},"end":{"line":87,"column":5}},"line":4},"1":{"name":"Canvas","decl":{"start":{"line":8,"column":4},"end":{"line":13,"column":5}},"loc":{"start":{"line":8,"column":4},"end":{"line":13,"column":5}},"line":8},"2":{"name":"drawImage","decl":{"start":{"line":15,"column":11},"end":{"line":18,"column":5}},"loc":{"start":{"line":15,"column":11},"end":{"line":18,"column":5}},"line":15},"3":{"name":"getImageSrc","decl":{"start":{"line":20,"column":11},"end":{"line":22,"column":5}},"loc":{"start":{"line":20,"column":11},"end":{"line":22,"column":5}},"line":20},"4":{"name":"setDimensions","decl":{"start":{"line":24,"column":11},"end":{"line":27,"column":5}},"loc":{"start":{"line":24,"column":11},"end":{"line":27,"column":5}},"line":24},"5":{"name":"getDimensions","decl":{"start":{"line":29,"column":11},"end":{"line":34,"column":5}},"loc":{"start":{"line":29,"column":11},"end":{"line":34,"column":5}},"line":29},"6":{"name":"getBounds","decl":{"start":{"line":37,"column":11},"end":{"line":45,"column":5}},"loc":{"start":{"line":37,"column":11},"end":{"line":45,"column":5}},"line":37},"7":{"name":"getCanvasCenterPoint","decl":{"start":{"line":47,"column":11},"end":{"line":52,"column":5}},"loc":{"start":{"line":47,"column":11},"end":{"line":52,"column":5}},"line":47},"8":{"name":"getCanvasCoordinates","decl":{"start":{"line":55,"column":34},"end":{"line":65,"column":5}},"loc":{"start":{"line":55,"column":34},"end":{"line":65,"column":5}},"line":55},"9":{"name":"getPixelColorRaw","decl":{"start":{"line":67,"column":11},"end":{"line":77,"column":5}},"loc":{"start":{"line":67,"column":11},"end":{"line":77,"column":5}},"line":67},"10":{"name":"getPixelColor","decl":{"start":{"line":80,"column":27},"end":{"line":87,"column":5}},"loc":{"start":{"line":80,"column":27},"end":{"line":87,"column":5}},"line":80},"11":{"name":"reset","decl":{"start":{"line":89,"column":11},"end":{"line":98,"column":5}},"loc":{"start":{"line":89,"column":11},"end":{"line":98,"column":5}},"line":89},"12":{"name":"on","decl":{"start":{"line":100,"column":4},"end":{"line":105,"column":5}},"loc":{"start":{"line":100,"column":4},"end":{"line":105,"column":5}},"line":100},"13":{"name":"off","decl":{"start":{"line":107,"column":4},"end":{"line":110,"column":5}},"loc":{"start":{"line":107,"column":4},"end":{"line":110,"column":5}},"line":107},"14":{"name":"emitCanvasDrawn","decl":{"start":{"line":113,"column":14},"end":{"line":116,"column":5}},"loc":{"start":{"line":113,"column":14},"end":{"line":116,"column":5}},"line":113},"15":{"name":"destroy","decl":{"start":{"line":118,"column":11},"end":{"line":121,"column":5}},"loc":{"start":{"line":118,"column":11},"end":{"line":121,"column":5}},"line":118}},"f":{"0":8,"1":8,"2":1,"3":0,"4":0,"5":0,"6":1,"7":0,"8":2,"9":2,"10":0,"11":1,"12":3,"13":0,"14":2,"15":1}}
,"C:\\Users\\DanXa\\CSprojects\\color-picker\\src\\util\\Types.tsx": {"path":"C:\\Users\\DanXa\\CSprojects\\color-picker\\src\\util\\Types.tsx","all":false,"statementMap":{"0":{"start":{"line":1,"column":0},"end":{"line":1,"column":23}},"1":{"start":{"line":2,"column":0},"end":{"line":2,"column":15}},"2":{"start":{"line":3,"column":0},"end":{"line":3,"column":15}},"3":{"start":{"line":4,"column":0},"end":{"line":4,"column":15}},"4":{"start":{"line":5,"column":0},"end":{"line":5,"column":2}},"5":{"start":{"line":6,"column":0},"end":{"line":6,"column":0}},"6":{"start":{"line":7,"column":0},"end":{"line":7,"column":27}},"7":{"start":{"line":8,"column":0},"end":{"line":8,"column":15}},"8":{"start":{"line":9,"column":0},"end":{"line":9,"column":16}},"9":{"start":{"line":10,"column":0},"end":{"line":10,"column":85}},"10":{"start":{"line":11,"column":0},"end":{"line":11,"column":62}},"11":{"start":{"line":12,"column":0},"end":{"line":12,"column":1}},"12":{"start":{"line":13,"column":0},"end":{"line":13,"column":0}},"13":{"start":{"line":14,"column":0},"end":{"line":14,"column":24}},"14":{"start":{"line":15,"column":0},"end":{"line":15,"column":16}},"15":{"start":{"line":16,"column":0},"end":{"line":16,"column":1}},"16":{"start":{"line":17,"column":0},"end":{"line":17,"column":0}},"17":{"start":{"line":18,"column":0},"end":{"line":18,"column":0}},"18":{"start":{"line":19,"column":0},"end":{"line":19,"column":30}},"19":{"start":{"line":20,"column":0},"end":{"line":20,"column":14}},"20":{"start":{"line":21,"column":0},"end":{"line":21,"column":14}},"21":{"start":{"line":22,"column":0},"end":{"line":22,"column":1}},"22":{"start":{"line":23,"column":0},"end":{"line":23,"column":0}},"23":{"start":{"line":24,"column":0},"end":{"line":24,"column":56}},"24":{"start":{"line":25,"column":0},"end":{"line":25,"column":31}},"25":{"start":{"line":26,"column":0},"end":{"line":26,"column":67}},"26":{"start":{"line":27,"column":0},"end":{"line":27,"column":21}},"27":{"start":{"line":28,"column":0},"end":{"line":28,"column":17}},"28":{"start":{"line":29,"column":0},"end":{"line":29,"column":23}},"29":{"start":{"line":30,"column":0},"end":{"line":30,"column":1}},"30":{"start":{"line":31,"column":0},"end":{"line":31,"column":0}},"31":{"start":{"line":32,"column":0},"end":{"line":32,"column":59}},"32":{"start":{"line":33,"column":0},"end":{"line":33,"column":36}},"33":{"start":{"line":34,"column":0},"end":{"line":34,"column":47}},"34":{"start":{"line":35,"column":0},"end":{"line":35,"column":1}}},"s":{"0":1,"1":1,"2":1,"3":1,"4":1,"5":1,"6":1,"7":1,"8":1,"9":1,"10":1,"11":1,"12":1,"13":1,"14":1,"15":1,"16":1,"17":1,"18":1,"19":1,"20":1,"21":1,"22":1,"23":0,"24":0,"25":0,"26":0,"27":0,"28":0,"29":0,"30":1,"31":2,"32":2,"33":2,"34":2},"branchMap":{"0":{"type":"branch","line":32,"loc":{"start":{"line":32,"column":0},"end":{"line":35,"column":1}},"locations":[{"start":{"line":32,"column":0},"end":{"line":35,"column":1}}]},"1":{"type":"branch","line":33,"loc":{"start":{"line":33,"column":14},"end":{"line":33,"column":36}},"locations":[{"start":{"line":33,"column":14},"end":{"line":33,"column":36}}]}},"b":{"0":[2],"1":[0]},"fnMap":{"0":{"name":"rgbToHex","decl":{"start":{"line":24,"column":0},"end":{"line":30,"column":1}},"loc":{"start":{"line":24,"column":0},"end":{"line":30,"column":1}},"line":24},"1":{"name":"rgbToString","decl":{"start":{"line":32,"column":0},"end":{"line":35,"column":1}},"loc":{"start":{"line":32,"column":0},"end":{"line":35,"column":1}},"line":32}},"f":{"0":0,"1":2}}
,"C:\\Users\\DanXa\\CSprojects\\color-picker\\src\\util\\index.tsx": {"path":"C:\\Users\\DanXa\\CSprojects\\color-picker\\src\\util\\index.tsx","all":false,"statementMap":{"0":{"start":{"line":1,"column":0},"end":{"line":1,"column":33}},"1":{"start":{"line":2,"column":0},"end":{"line":2,"column":101}},"2":{"start":{"line":3,"column":0},"end":{"line":3,"column":59}}},"s":{"0":1,"1":1,"2":1},"branchMap":{"0":{"type":"branch","line":2,"loc":{"start":{"line":2,"column":19},"end":{"line":2,"column":101}},"locations":[{"start":{"line":2,"column":19},"end":{"line":2,"column":101}}]}},"b":{"0":[2]},"fnMap":{"0":{"name":"get","decl":{"start":{"line":1,"column":9},"end":{"line":1,"column":33}},"loc":{"start":{"line":1,"column":9},"end":{"line":1,"column":33}},"line":1},"1":{"name":"get","decl":{"start":{"line":2,"column":9},"end":{"line":2,"column":19}},"loc":{"start":{"line":2,"column":9},"end":{"line":2,"column":19}},"line":2},"2":{"name":"get","decl":{"start":{"line":2,"column":19},"end":{"line":2,"column":101}},"loc":{"start":{"line":2,"column":19},"end":{"line":2,"column":101}},"line":2},"3":{"name":"get","decl":{"start":{"line":3,"column":9},"end":{"line":3,"column":20}},"loc":{"start":{"line":3,"column":9},"end":{"line":3,"column":20}},"line":3},"4":{"name":"get","decl":{"start":{"line":3,"column":20},"end":{"line":3,"column":59}},"loc":{"start":{"line":3,"column":20},"end":{"line":3,"column":59}},"line":3}},"f":{"0":0,"1":0,"2":2,"3":0,"4":0}}
,"C:\\Users\\DanXa\\CSprojects\\color-picker\\test\\styleMock.tsx": {"path":"C:\\Users\\DanXa\\CSprojects\\color-picker\\test\\styleMock.tsx","all":false,"statementMap":{"0":{"start":{"line":1,"column":0},"end":{"line":1,"column":54}},"1":{"start":{"line":2,"column":0},"end":{"line":2,"column":55}},"2":{"start":{"line":3,"column":0},"end":{"line":3,"column":52}},"3":{"start":{"line":4,"column":0},"end":{"line":4,"column":51}},"4":{"start":{"line":5,"column":0},"end":{"line":5,"column":60}},"5":{"start":{"line":6,"column":0},"end":{"line":6,"column":59}},"6":{"start":{"line":7,"column":0},"end":{"line":7,"column":38}},"7":{"start":{"line":8,"column":0},"end":{"line":8,"column":20}}},"s":{"0":1,"1":1,"2":1,"3":1,"4":1,"5":1,"6":1,"7":1},"branchMap":{},"b":{},"fnMap":{},"f":{}}
}
