TN:
SF:src\components\Pin\Pin.tsx
FN:21,Pin
FN:30,getBounds
FN:38,getPinSize
FN:42,getPinBorderWidth
FN:71,handleDragStart
FN:77,handleDrag
FN:87,handleDragStop
FNF:7
FNH:5
FNDA:4,Pin
FNDA:2,getBounds
FNDA:8,getPinSize
FNDA:2,getPinBorderWidth
FNDA:0,handleDragStart
FNDA:1,handleDrag
FNDA:0,handleDragStop
DA:1,1
DA:2,1
DA:3,1
DA:4,1
DA:5,1
DA:6,1
DA:7,1
DA:8,1
DA:9,1
DA:10,1
DA:11,1
DA:12,1
DA:13,1
DA:14,1
DA:15,1
DA:16,1
DA:17,1
DA:18,1
DA:19,1
DA:20,1
DA:21,1
DA:22,4
DA:23,4
DA:24,4
DA:25,4
DA:26,4
DA:27,4
DA:28,4
DA:29,4
DA:30,4
DA:31,2
DA:32,2
DA:33,2
DA:34,4
DA:35,4
DA:36,4
DA:37,4
DA:38,4
DA:39,4
DA:40,4
DA:41,4
DA:42,4
DA:43,4
DA:44,4
DA:45,4
DA:46,4
DA:47,4
DA:48,4
DA:49,4
DA:50,4
DA:51,4
DA:52,4
DA:53,4
DA:54,4
DA:55,4
DA:56,4
DA:57,4
DA:58,4
DA:59,4
DA:60,4
DA:61,4
DA:62,4
DA:63,4
DA:64,4
DA:65,4
DA:66,4
DA:67,4
DA:68,4
DA:69,4
DA:70,4
DA:71,4
DA:72,0
DA:73,0
DA:74,0
DA:75,0
DA:76,4
DA:77,4
DA:78,1
DA:79,1
DA:80,0
DA:81,0
DA:82,0
DA:83,0
DA:84,0
DA:85,4
DA:86,4
DA:87,4
DA:88,0
DA:89,0
DA:90,0
DA:91,4
DA:92,4
DA:93,4
DA:94,3
DA:95,3
DA:96,4
DA:97,1
DA:98,1
DA:99,1
DA:100,1
DA:101,1
DA:102,1
DA:103,1
DA:104,1
DA:105,1
DA:106,1
DA:107,1
DA:108,1
DA:109,1
DA:110,2
DA:111,2
DA:112,2
DA:113,2
DA:114,2
DA:115,2
DA:116,2
DA:117,2
DA:118,2
DA:119,2
DA:120,2
DA:121,2
DA:122,2
DA:123,2
DA:124,2
DA:125,2
DA:126,2
DA:127,2
DA:128,4
DA:129,4
DA:130,4
DA:131,4
DA:132,4
DA:133,4
DA:134,4
DA:135,4
DA:136,4
DA:137,4
DA:138,4
DA:139,4
DA:140,4
DA:141,4
DA:142,4
DA:143,4
DA:144,4
DA:145,4
DA:146,4
LF:146
LH:134
BRDA:21,0,0,4
BRDA:93,1,0,0
BRDA:94,2,0,3
BRDA:96,3,0,1
BRDA:103,4,0,0
BRDA:105,5,0,0
BRDA:110,6,0,2
BRDA:128,7,0,0
BRDA:128,8,0,2
BRDA:136,9,0,2
BRDA:136,10,0,0
BRDA:136,11,0,2
BRDA:137,12,0,0
BRDA:137,13,0,2
BRDA:141,14,0,0
BRDA:141,15,0,2
BRDA:30,16,0,2
BRDA:31,17,0,0
BRDA:38,18,0,8
BRDA:38,19,0,0
BRDA:42,20,0,2
BRDA:42,21,0,0
BRDA:77,22,0,1
BRDA:79,23,0,0
BRDA:79,24,0,0
BRDA:79,25,0,0
BRF:26
BRH:13
end_of_record
TN:
SF:src\components\PinOverlay\PinOverlay.tsx
FN:13,PinOverlay
FN:60,syncBounds
FN:73,handleCanvasDrawn
FN:83,handleResize
FN:114,handleDragStart
FN:122,readColorSafe
FN:134,handleDrag
FN:154,handleDragStop
FN:158,generatePins
FN:193,createPin
FN:209,shiftPinPositions
FN:241,onStart
FN:242,onDrag
FNF:13
FNH:5
FNDA:33,PinOverlay
FNDA:0,syncBounds
FNDA:0,handleCanvasDrawn
FNDA:0,handleResize
FNDA:0,handleDragStart
FNDA:34,readColorSafe
FNDA:0,handleDrag
FNDA:0,handleDragStop
FNDA:10,generatePins
FNDA:34,createPin
FNDA:11,shiftPinPositions
FNDA:0,onStart
FNDA:0,onDrag
DA:1,1
DA:2,1
DA:3,1
DA:4,1
DA:5,1
DA:6,1
DA:7,1
DA:8,1
DA:9,1
DA:10,1
DA:11,1
DA:12,1
DA:13,1
DA:14,33
DA:15,33
DA:16,33
DA:17,33
DA:18,33
DA:19,33
DA:20,33
DA:21,33
DA:22,33
DA:23,33
DA:24,33
DA:25,33
DA:26,33
DA:27,33
DA:28,33
DA:29,33
DA:30,33
DA:31,33
DA:32,11
DA:33,11
DA:34,11
DA:35,11
DA:36,2
DA:37,2
DA:38,2
DA:39,11
DA:40,11
DA:41,11
DA:42,11
DA:43,11
DA:44,11
DA:45,11
DA:46,11
DA:47,11
DA:48,11
DA:49,11
DA:50,0
DA:51,0
DA:52,11
DA:53,11
DA:54,33
DA:55,33
DA:56,33
DA:57,11
DA:58,11
DA:59,11
DA:60,11
DA:61,0
DA:62,0
DA:63,0
DA:64,0
DA:65,0
DA:66,0
DA:67,0
DA:68,0
DA:69,0
DA:70,0
DA:71,0
DA:72,11
DA:73,11
DA:74,0
DA:75,0
DA:76,0
DA:77,0
DA:78,0
DA:79,0
DA:80,11
DA:81,11
DA:82,11
DA:83,11
DA:84,0
DA:85,11
DA:86,11
DA:87,11
DA:88,11
DA:89,10
DA:90,10
DA:91,10
DA:92,10
DA:93,10
DA:94,11
DA:95,11
DA:96,11
DA:97,11
DA:98,11
DA:99,11
DA:100,33
DA:101,33
DA:102,33
DA:103,11
DA:104,11
DA:105,33
DA:106,33
DA:107,33
DA:108,12
DA:109,12
DA:110,12
DA:111,12
DA:112,33
DA:113,33
DA:114,33
DA:115,0
DA:116,0
DA:117,33
DA:118,33
DA:119,33
DA:120,33
DA:121,33
DA:122,33
DA:123,34
DA:124,34
DA:125,34
DA:126,34
DA:127,0
DA:128,0
DA:129,0
DA:130,0
DA:131,0
DA:132,0
DA:133,33
DA:134,33
DA:135,0
DA:136,0
DA:137,0
DA:138,0
DA:139,0
DA:140,0
DA:141,0
DA:142,0
DA:143,0
DA:144,0
DA:145,0
DA:146,0
DA:147,0
DA:148,0
DA:149,0
DA:150,0
DA:151,0
DA:152,33
DA:153,33
DA:154,33
DA:155,0
DA:156,0
DA:157,33
DA:158,33
DA:159,10
DA:160,10
DA:161,10
DA:162,10
DA:163,10
DA:164,10
DA:165,10
DA:166,10
DA:167,10
DA:168,0
DA:169,0
DA:170,10
DA:171,10
DA:172,10
DA:173,9
DA:174,9
DA:175,34
DA:176,34
DA:177,9
DA:178,9
DA:179,1
DA:180,1
DA:181,1
DA:182,1
DA:183,1
DA:184,0
DA:185,0
DA:186,1
DA:187,1
DA:188,1
DA:189,0
DA:190,10
DA:191,10
DA:192,33
DA:193,33
DA:194,34
DA:195,34
DA:196,34
DA:197,34
DA:198,34
DA:199,34
DA:200,34
DA:201,34
DA:202,34
DA:203,34
DA:204,34
DA:205,34
DA:206,34
DA:207,34
DA:208,33
DA:209,33
DA:210,11
DA:211,11
DA:212,11
DA:213,11
DA:214,11
DA:215,11
DA:216,0
DA:217,0
DA:218,0
DA:219,0
DA:220,0
DA:221,0
DA:222,0
DA:223,0
DA:224,0
DA:225,0
DA:226,33
DA:227,33
DA:228,33
DA:229,33
DA:230,33
DA:231,33
DA:232,33
DA:233,33
DA:234,33
DA:235,33
DA:236,68
DA:237,68
DA:238,68
DA:239,68
DA:240,68
DA:241,68
DA:242,68
DA:243,68
DA:244,68
DA:245,68
DA:246,68
DA:247,33
DA:248,33
DA:249,33
DA:250,33
DA:251,0
DA:252,33
DA:253,33
DA:254,33
DA:255,33
DA:256,33
LF:256
LH:193
BRDA:13,0,0,33
BRDA:250,1,0,0
BRDA:252,2,0,32
BRDA:31,3,0,11
BRDA:33,4,0,11
BRDA:34,5,0,11
BRDA:35,6,0,9
BRDA:36,7,0,2
BRDA:39,8,0,0
BRDA:48,9,0,1
BRDA:53,10,0,11
BRDA:56,11,0,11
BRDA:58,12,0,0
BRDA:88,13,0,10
BRDA:96,14,0,11
BRDA:102,15,0,11
BRDA:107,16,0,12
BRDA:122,17,0,34
BRDA:123,18,0,0
BRDA:126,19,0,0
BRDA:158,20,0,10
BRDA:161,21,0,0
BRDA:163,22,0,0
BRDA:165,23,0,10
BRDA:167,24,0,0
BRDA:172,25,0,9
BRDA:174,26,0,34
BRDA:179,27,0,1
BRDA:183,28,0,0
BRDA:189,29,0,0
BRDA:193,30,0,34
BRDA:194,31,0,0
BRDA:196,32,0,0
BRDA:209,33,0,11
BRDA:210,34,0,0
BRDA:213,35,0,0
BRDA:213,36,0,0
BRDA:214,37,0,0
BRDA:216,38,0,0
BRDA:235,39,0,68
BRDA:244,40,0,0
BRDA:238,41,0,0
BRF:42
BRH:23
end_of_record
TN:
SF:src\components\ZoomPreview\ZoomPreview.tsx
FN:11,getZoomStyle
FN:37,ZoomPreview
FNF:2
FNH:2
FNDA:18,getZoomStyle
FNDA:33,ZoomPreview
DA:1,1
DA:2,1
DA:3,1
DA:4,1
DA:5,1
DA:6,1
DA:7,1
DA:8,1
DA:9,1
DA:10,1
DA:11,1
DA:12,18
DA:13,0
DA:14,0
DA:15,18
DA:16,0
DA:17,0
DA:18,0
DA:19,0
DA:20,0
DA:21,0
DA:22,0
DA:23,0
DA:24,0
DA:25,18
DA:26,18
DA:27,18
DA:28,18
DA:29,18
DA:30,18
DA:31,18
DA:32,18
DA:33,18
DA:34,18
DA:35,18
DA:36,1
DA:37,1
DA:38,33
DA:39,18
DA:40,18
DA:41,18
DA:42,18
DA:43,18
DA:44,18
DA:45,18
DA:46,18
LF:46
LH:35
BRDA:11,0,0,18
BRDA:12,1,0,0
BRDA:15,2,0,0
BRDA:25,3,0,0
BRDA:26,4,0,0
BRDA:26,5,0,0
BRDA:37,6,0,33
BRDA:38,7,0,14
BRDA:39,8,0,18
BRF:9
BRH:4
end_of_record
TN:
SF:src\util\Canvas.tsx
FN:4,<instance_members_initializer>
FN:8,Canvas
FN:15,drawImage
FN:20,getImageSrc
FN:24,setDimensions
FN:29,getDimensions
FN:37,getBounds
FN:47,getCanvasCenterPoint
FN:55,getCanvasCoordinates
FN:67,getPixelColorRaw
FN:80,getPixelColor
FN:89,reset
FN:100,on
FN:107,off
FN:113,emitCanvasDrawn
FN:118,destroy
FNF:16
FNH:10
FNDA:8,<instance_members_initializer>
FNDA:8,Canvas
FNDA:1,drawImage
FNDA:0,getImageSrc
FNDA:0,setDimensions
FNDA:0,getDimensions
FNDA:1,getBounds
FNDA:0,getCanvasCenterPoint
FNDA:2,getCanvasCoordinates
FNDA:2,getPixelColorRaw
FNDA:0,getPixelColor
FNDA:1,reset
FNDA:3,on
FNDA:0,off
FNDA:2,emitCanvasDrawn
FNDA:1,destroy
DA:1,1
DA:2,1
DA:3,1
DA:4,1
DA:5,8
DA:6,8
DA:7,8
DA:8,8
DA:9,8
DA:10,8
DA:11,8
DA:12,8
DA:13,8
DA:14,8
DA:15,8
DA:16,1
DA:17,1
DA:18,1
DA:19,8
DA:20,8
DA:21,0
DA:22,0
DA:23,8
DA:24,8
DA:25,0
DA:26,0
DA:27,0
DA:28,8
DA:29,8
DA:30,0
DA:31,0
DA:32,0
DA:33,0
DA:34,0
DA:35,8
DA:36,8
DA:37,8
DA:38,1
DA:39,1
DA:40,1
DA:41,1
DA:42,1
DA:43,1
DA:44,1
DA:45,1
DA:46,8
DA:47,8
DA:48,0
DA:49,0
DA:50,0
DA:51,0
DA:52,0
DA:53,8
DA:54,8
DA:55,8
DA:56,2
DA:57,2
DA:58,1
DA:59,1
DA:60,1
DA:61,1
DA:62,1
DA:63,2
DA:64,1
DA:65,1
DA:66,8
DA:67,8
DA:68,2
DA:69,2
DA:70,2
DA:71,0
DA:72,0
DA:73,0
DA:74,0
DA:75,0
DA:76,0
DA:77,0
DA:78,8
DA:79,8
DA:80,8
DA:81,0
DA:82,0
DA:83,0
DA:84,0
DA:85,0
DA:86,0
DA:87,0
DA:88,1
DA:89,1
DA:90,1
DA:91,1
DA:92,1
DA:93,1
DA:94,1
DA:95,1
DA:96,1
DA:97,1
DA:98,1
DA:99,1
DA:100,1
DA:101,3
DA:102,3
DA:103,3
DA:104,3
DA:105,3
DA:106,1
DA:107,1
DA:108,0
DA:109,0
DA:110,0
DA:111,1
DA:112,1
DA:113,1
DA:114,2
DA:115,2
DA:116,2
DA:117,1
DA:118,1
DA:119,1
DA:120,1
DA:121,1
DA:122,1
LF:122
LH:90
BRDA:4,0,0,8
BRDA:8,1,0,8
BRDA:15,2,0,1
BRDA:37,3,0,1
BRDA:55,4,0,2
BRDA:57,5,0,1
BRDA:57,6,0,1
BRDA:63,7,0,0
BRDA:64,8,0,1
BRDA:67,9,0,2
BRDA:70,10,0,1
BRDA:70,11,0,1
BRDA:70,12,0,0
BRDA:71,13,0,0
BRDA:89,14,0,1
BRDA:100,15,0,3
BRDA:113,16,0,2
BRDA:114,17,0,0
BRDA:115,18,0,2
BRDA:118,19,0,1
BRF:20
BRH:16
end_of_record
TN:
SF:src\util\Types.tsx
FN:24,rgbToHex
FN:32,rgbToString
FNF:2
FNH:0
FNDA:0,rgbToHex
FNDA:0,rgbToString
DA:1,1
DA:2,1
DA:3,1
DA:4,1
DA:5,1
DA:6,1
DA:7,1
DA:8,1
DA:9,1
DA:10,1
DA:11,1
DA:12,1
DA:13,1
DA:14,1
DA:15,1
DA:16,1
DA:17,1
DA:18,1
DA:19,1
DA:20,1
DA:21,1
DA:22,1
DA:23,1
DA:24,0
DA:25,0
DA:26,0
DA:27,0
DA:28,0
DA:29,0
DA:30,0
DA:31,1
DA:32,0
DA:33,0
DA:34,0
DA:35,0
LF:35
LH:24
BRF:0
BRH:0
end_of_record
TN:
SF:src\util\index.tsx
FN:1,get
FN:2,get
FN:2,get
FN:3,get
FN:3,get
FNF:5
FNH:1
FNDA:0,get
FNDA:0,get
FNDA:0,get
FNDA:18,get
FNDA:0,get
DA:1,1
DA:2,1
DA:3,1
LF:3
LH:3
BRDA:3,0,0,18
BRF:1
BRH:1
end_of_record
TN:
SF:test\styleMock.tsx
FNF:0
FNH:0
DA:1,1
DA:2,1
DA:3,1
DA:4,1
DA:5,1
DA:6,1
DA:7,1
DA:8,1
LF:8
LH:8
BRF:0
BRH:0
end_of_record
