TN:
SF:src\components\Pin\Pin.tsx
FN:20,Pin
FN:34,readColorSafe
FN:46,getBounds
FN:54,getPinSize
FN:58,getZoomStyle
FN:104,handleDragStart
FN:110,handleDrag
FN:142,handleDragStop
FNF:8
FNH:5
FNDA:9,Pin
FNDA:8,readColorSafe
FNDA:7,getBounds
FNDA:28,getPinSize
FNDA:0,getZoomStyle
FNDA:0,handleDragStart
FNDA:3,handleDrag
FNDA:0,handleDragStop
DA:1,1
DA:2,1
DA:3,1
DA:4,1
DA:5,1
DA:6,1
DA:7,1
DA:8,1
DA:9,1
DA:10,1
DA:11,1
DA:12,1
DA:13,1
DA:14,1
DA:15,1
DA:16,1
DA:17,1
DA:18,1
DA:19,1
DA:20,1
DA:21,9
DA:22,9
DA:23,9
DA:24,9
DA:25,9
DA:26,9
DA:27,9
DA:28,9
DA:29,9
DA:30,9
DA:31,9
DA:32,9
DA:33,9
DA:34,9
DA:35,8
DA:36,8
DA:37,8
DA:38,0
DA:39,0
DA:40,0
DA:41,0
DA:42,0
DA:43,0
DA:44,9
DA:45,9
DA:46,9
DA:47,7
DA:48,7
DA:49,7
DA:50,9
DA:51,9
DA:52,9
DA:53,9
DA:54,9
DA:55,9
DA:56,9
DA:57,9
DA:58,9
DA:59,0
DA:60,0
DA:61,0
DA:62,0
DA:63,0
DA:64,0
DA:65,0
DA:66,0
DA:67,0
DA:68,0
DA:69,0
DA:70,0
DA:71,0
DA:72,0
DA:73,0
DA:74,0
DA:75,0
DA:76,0
DA:77,0
DA:78,0
DA:79,0
DA:80,0
DA:81,0
DA:82,0
DA:83,0
DA:84,9
DA:85,9
DA:86,9
DA:87,6
DA:88,1
DA:89,1
DA:90,5
DA:91,5
DA:92,6
DA:93,4
DA:94,4
DA:95,4
DA:96,5
DA:97,5
DA:98,5
DA:99,5
DA:100,5
DA:101,9
DA:102,9
DA:103,9
DA:104,9
DA:105,0
DA:106,0
DA:107,0
DA:108,0
DA:109,9
DA:110,9
DA:111,3
DA:112,3
DA:113,3
DA:114,3
DA:115,3
DA:116,3
DA:117,3
DA:118,3
DA:119,3
DA:120,3
DA:121,3
DA:122,3
DA:123,3
DA:124,2
DA:125,2
DA:126,2
DA:127,2
DA:128,2
DA:129,2
DA:130,2
DA:131,2
DA:132,1
DA:133,1
DA:134,1
DA:135,1
DA:136,1
DA:137,1
DA:138,1
DA:139,1
DA:140,9
DA:141,9
DA:142,9
DA:143,0
DA:144,0
DA:145,0
DA:146,9
DA:147,9
DA:148,9
DA:149,9
DA:150,9
DA:151,9
DA:152,2
DA:153,2
DA:154,2
DA:155,2
DA:156,2
DA:157,2
DA:158,2
DA:159,2
DA:160,2
DA:161,2
DA:162,2
DA:163,2
DA:164,2
DA:165,7
DA:166,7
DA:167,7
DA:168,7
DA:169,7
DA:170,7
DA:171,7
DA:172,7
DA:173,7
DA:174,7
DA:175,7
DA:176,7
DA:177,7
DA:178,7
DA:179,7
DA:180,7
DA:181,7
DA:182,7
DA:183,7
DA:184,7
DA:185,7
DA:186,7
DA:187,7
DA:188,7
DA:189,7
DA:190,7
DA:191,7
DA:192,7
DA:193,7
DA:194,7
DA:195,9
DA:196,9
DA:197,9
DA:198,9
DA:199,9
DA:200,9
DA:201,9
DA:202,9
DA:203,9
DA:204,9
DA:205,9
DA:206,9
DA:207,9
DA:208,9
DA:209,9
LF:209
LH:171
BRDA:20,0,0,9
BRDA:148,1,0,0
BRDA:151,2,0,2
BRDA:158,3,0,0
BRDA:160,4,0,0
BRDA:165,5,0,7
BRDA:195,6,0,0
BRDA:195,7,0,7
BRDA:201,8,0,7
BRDA:201,9,0,1
BRDA:201,10,0,6
BRDA:202,11,0,7
BRDA:202,12,0,0
BRDA:204,13,0,0
BRDA:204,14,0,0
BRDA:204,15,0,7
BRDA:34,16,0,8
BRDA:37,17,0,0
BRDA:46,18,0,7
BRDA:47,19,0,0
BRDA:54,20,0,28
BRDA:54,21,0,0
BRDA:86,22,0,6
BRDA:87,23,0,5
BRDA:87,24,0,5
BRDA:87,25,0,1
BRDA:90,26,0,5
BRDA:92,27,0,4
BRDA:96,28,0,5
BRDA:99,29,0,5
BRDA:110,30,0,3
BRDA:112,31,0,0
BRDA:118,32,0,0
BRDA:118,33,0,0
BRDA:123,34,0,2
BRDA:123,35,0,2
BRDA:132,36,0,1
BRF:37
BRH:24
end_of_record
TN:
SF:src\components\PinOverlay\PinOverlay.tsx
FN:14,PinOverlay
FN:61,syncBounds
FN:73,handleCanvasDrawn
FN:82,handleResize
FN:125,handleDragStart
FN:140,handleDrag
FN:144,handleDragStop
FN:148,generatePins
FN:180,createPin
FN:194,shiftPinPositions
FNF:10
FNH:4
FNDA:39,PinOverlay
FNDA:10,syncBounds
FNDA:0,handleCanvasDrawn
FNDA:0,handleResize
FNDA:0,handleDragStart
FNDA:0,handleDrag
FNDA:0,handleDragStop
FNDA:10,generatePins
FNDA:0,createPin
FNDA:21,shiftPinPositions
DA:1,1
DA:2,1
DA:3,1
DA:4,1
DA:5,1
DA:6,1
DA:7,1
DA:8,1
DA:9,1
DA:10,1
DA:11,1
DA:12,1
DA:13,1
DA:14,1
DA:15,39
DA:16,39
DA:17,39
DA:18,39
DA:19,39
DA:20,39
DA:21,39
DA:22,39
DA:23,39
DA:24,39
DA:25,39
DA:26,39
DA:27,39
DA:28,39
DA:29,39
DA:30,39
DA:31,39
DA:32,11
DA:33,11
DA:34,11
DA:35,11
DA:36,11
DA:37,11
DA:38,11
DA:39,11
DA:40,11
DA:41,11
DA:42,11
DA:43,11
DA:44,11
DA:45,11
DA:46,11
DA:47,11
DA:48,11
DA:49,11
DA:50,0
DA:51,0
DA:52,11
DA:53,11
DA:54,39
DA:55,39
DA:56,39
DA:57,39
DA:58,11
DA:59,11
DA:60,11
DA:61,11
DA:62,10
DA:63,10
DA:64,10
DA:65,0
DA:66,0
DA:67,10
DA:68,10
DA:69,10
DA:70,10
DA:71,10
DA:72,11
DA:73,11
DA:74,0
DA:75,0
DA:76,0
DA:77,0
DA:78,0
DA:79,11
DA:80,11
DA:81,11
DA:82,11
DA:83,0
DA:84,11
DA:85,11
DA:86,11
DA:87,11
DA:88,11
DA:89,11
DA:90,11
DA:91,11
DA:92,11
DA:93,11
DA:94,11
DA:95,11
DA:96,11
DA:97,11
DA:98,10
DA:99,10
DA:100,10
DA:101,11
DA:102,11
DA:103,11
DA:104,11
DA:105,11
DA:106,11
DA:107,11
DA:108,11
DA:109,11
DA:110,11
DA:111,11
DA:112,11
DA:113,11
DA:114,39
DA:115,39
DA:116,39
DA:117,21
DA:118,39
DA:119,39
DA:120,39
DA:121,11
DA:122,11
DA:123,39
DA:124,39
DA:125,39
DA:126,0
DA:127,39
DA:128,39
DA:129,39
DA:130,39
DA:131,39
DA:132,39
DA:133,39
DA:134,39
DA:135,39
DA:136,39
DA:137,39
DA:138,39
DA:139,39
DA:140,39
DA:141,0
DA:142,39
DA:143,39
DA:144,39
DA:145,0
DA:146,0
DA:147,39
DA:148,39
DA:149,10
DA:150,10
DA:151,0
DA:152,0
DA:153,0
DA:154,0
DA:155,0
DA:156,0
DA:157,0
DA:158,0
DA:159,0
DA:160,0
DA:161,0
DA:162,0
DA:163,0
DA:164,0
DA:165,0
DA:166,0
DA:167,0
DA:168,0
DA:169,0
DA:170,0
DA:171,0
DA:172,0
DA:173,0
DA:174,0
DA:175,0
DA:176,0
DA:177,0
DA:178,0
DA:179,39
DA:180,39
DA:181,0
DA:182,0
DA:183,0
DA:184,0
DA:185,0
DA:186,0
DA:187,0
DA:188,0
DA:189,0
DA:190,0
DA:191,0
DA:192,0
DA:193,39
DA:194,39
DA:195,21
DA:196,21
DA:197,21
DA:198,21
DA:199,21
DA:200,21
DA:201,21
DA:202,21
DA:203,21
DA:204,0
DA:205,0
DA:206,0
DA:207,0
DA:208,0
DA:209,0
DA:210,0
DA:211,0
DA:212,0
DA:213,0
DA:214,39
DA:215,39
DA:216,39
DA:217,39
DA:218,39
DA:219,39
DA:220,39
DA:221,39
DA:222,39
DA:223,39
DA:224,0
DA:225,0
DA:226,0
DA:227,0
DA:228,0
DA:229,0
DA:230,0
DA:231,0
DA:232,0
DA:233,0
DA:234,0
DA:235,39
DA:236,39
DA:237,39
DA:238,39
DA:239,39
DA:240,1
LF:240
LH:165
BRDA:14,0,0,39
BRDA:31,1,0,11
BRDA:33,2,0,11
BRDA:34,3,0,11
BRDA:35,4,0,0
BRDA:39,5,0,0
BRDA:48,6,0,7
BRDA:53,7,0,11
BRDA:57,8,0,11
BRDA:59,9,0,0
BRDA:97,10,0,10
BRDA:61,11,0,10
BRDA:62,12,0,10
BRDA:64,13,0,0
BRDA:64,14,0,0
BRDA:103,15,0,11
BRDA:116,16,0,21
BRDA:120,17,0,11
BRDA:148,18,0,10
BRDA:149,19,0,0
BRDA:150,20,0,0
BRDA:151,21,0,0
BRDA:194,22,0,21
BRDA:195,23,0,0
BRDA:201,24,0,10
BRDA:201,25,0,10
BRDA:202,26,0,0
BRDA:202,27,0,0
BRDA:204,28,0,0
BRF:29
BRH:17
end_of_record
TN:
SF:src\util\Canvas.tsx
FN:4,<instance_members_initializer>
FN:8,Canvas
FN:15,drawImage
FN:20,getImageSrc
FN:24,setDimensions
FN:29,getDimensions
FN:37,getBounds
FN:47,getCanvasCenterPoint
FN:55,getCanvasCoordinates
FN:67,getPixelColorRaw
FN:80,getPixelColor
FN:89,reset
FN:100,on
FN:107,off
FN:113,emitCanvasDrawn
FN:118,destroy
FNF:16
FNH:10
FNDA:8,<instance_members_initializer>
FNDA:8,Canvas
FNDA:1,drawImage
FNDA:0,getImageSrc
FNDA:0,setDimensions
FNDA:0,getDimensions
FNDA:1,getBounds
FNDA:0,getCanvasCenterPoint
FNDA:2,getCanvasCoordinates
FNDA:2,getPixelColorRaw
FNDA:0,getPixelColor
FNDA:1,reset
FNDA:3,on
FNDA:0,off
FNDA:2,emitCanvasDrawn
FNDA:1,destroy
DA:1,1
DA:2,1
DA:3,1
DA:4,1
DA:5,8
DA:6,8
DA:7,8
DA:8,8
DA:9,8
DA:10,8
DA:11,8
DA:12,8
DA:13,8
DA:14,8
DA:15,8
DA:16,1
DA:17,1
DA:18,1
DA:19,8
DA:20,8
DA:21,0
DA:22,0
DA:23,8
DA:24,8
DA:25,0
DA:26,0
DA:27,0
DA:28,8
DA:29,8
DA:30,0
DA:31,0
DA:32,0
DA:33,0
DA:34,0
DA:35,8
DA:36,8
DA:37,8
DA:38,1
DA:39,1
DA:40,1
DA:41,1
DA:42,1
DA:43,1
DA:44,1
DA:45,1
DA:46,8
DA:47,8
DA:48,0
DA:49,0
DA:50,0
DA:51,0
DA:52,0
DA:53,8
DA:54,8
DA:55,8
DA:56,2
DA:57,2
DA:58,1
DA:59,1
DA:60,1
DA:61,1
DA:62,1
DA:63,2
DA:64,1
DA:65,1
DA:66,8
DA:67,8
DA:68,2
DA:69,2
DA:70,2
DA:71,0
DA:72,0
DA:73,0
DA:74,0
DA:75,0
DA:76,0
DA:77,0
DA:78,8
DA:79,8
DA:80,8
DA:81,0
DA:82,0
DA:83,0
DA:84,0
DA:85,0
DA:86,0
DA:87,0
DA:88,1
DA:89,1
DA:90,1
DA:91,1
DA:92,1
DA:93,1
DA:94,1
DA:95,1
DA:96,1
DA:97,1
DA:98,1
DA:99,1
DA:100,1
DA:101,3
DA:102,3
DA:103,3
DA:104,3
DA:105,3
DA:106,1
DA:107,1
DA:108,0
DA:109,0
DA:110,0
DA:111,1
DA:112,1
DA:113,1
DA:114,2
DA:115,2
DA:116,2
DA:117,1
DA:118,1
DA:119,1
DA:120,1
DA:121,1
DA:122,1
LF:122
LH:90
BRDA:4,0,0,8
BRDA:8,1,0,8
BRDA:15,2,0,1
BRDA:37,3,0,1
BRDA:55,4,0,2
BRDA:57,5,0,1
BRDA:57,6,0,1
BRDA:63,7,0,0
BRDA:64,8,0,1
BRDA:67,9,0,2
BRDA:70,10,0,1
BRDA:70,11,0,1
BRDA:70,12,0,0
BRDA:71,13,0,0
BRDA:89,14,0,1
BRDA:100,15,0,3
BRDA:113,16,0,2
BRDA:114,17,0,0
BRDA:115,18,0,2
BRDA:118,19,0,1
BRF:20
BRH:16
end_of_record
TN:
SF:src\util\Types.tsx
FN:24,rgbToHex
FN:32,rgbToString
FNF:2
FNH:1
FNDA:0,rgbToHex
FNDA:1,rgbToString
DA:1,1
DA:2,1
DA:3,1
DA:4,1
DA:5,1
DA:6,1
DA:7,1
DA:8,1
DA:9,1
DA:10,1
DA:11,1
DA:12,1
DA:13,1
DA:14,1
DA:15,1
DA:16,1
DA:17,1
DA:18,1
DA:19,1
DA:20,1
DA:21,1
DA:22,1
DA:23,1
DA:24,0
DA:25,0
DA:26,0
DA:27,0
DA:28,0
DA:29,0
DA:30,0
DA:31,1
DA:32,1
DA:33,1
DA:34,1
DA:35,1
LF:35
LH:28
BRDA:32,0,0,1
BRDA:33,1,0,0
BRF:2
BRH:1
end_of_record
TN:
SF:src\util\index.tsx
FN:1,get
FN:2,get
FN:2,get
FN:3,get
FN:3,get
FNF:5
FNH:1
FNDA:0,get
FNDA:0,get
FNDA:1,get
FNDA:0,get
FNDA:0,get
DA:1,1
DA:2,1
DA:3,1
LF:3
LH:3
BRDA:2,0,0,1
BRF:1
BRH:1
end_of_record
TN:
SF:test\styleMock.tsx
FNF:0
FNH:0
DA:1,1
DA:2,1
DA:3,1
DA:4,1
DA:5,1
DA:6,1
DA:7,1
DA:8,1
LF:8
LH:8
BRF:0
BRH:0
end_of_record
